{"D:\\codes\\99.my_projects\\zap\\backend\\src\\app.controller.ts": {"path":"D:\\codes\\99.my_projects\\zap\\backend\\src\\app.controller.ts","statementMap":{"0":{"start":{"line":1,"column":0},"end":{"line":1,"column":48}},"1":{"start":{"line":2,"column":0},"end":{"line":2,"column":42}},"2":{"start":{"line":5,"column":7},"end":{"line":12,"column":null}},"3":{"start":{"line":6,"column":31},"end":{"line":6,"column":43}},"4":{"start":{"line":10,"column":4},"end":{"line":10,"column":null}},"5":{"start":{"line":5,"column":13},"end":{"line":5,"column":26}},"6":{"start":{"line":9,"column":2},"end":{"line":11,"column":null}},"7":{"start":{"line":5,"column":13},"end":{"line":12,"column":null}}},"fnMap":{"0":{"name":"(anonymous_2)","decl":{"start":{"line":6,"column":2},"end":{"line":6,"column":31}},"loc":{"start":{"line":6,"column":53},"end":{"line":6,"column":57}}},"1":{"name":"(anonymous_3)","decl":{"start":{"line":9,"column":2},"end":{"line":9,"column":10}},"loc":{"start":{"line":9,"column":10},"end":{"line":11,"column":3}}}},"branchMap":{},"s":{"0":0,"1":0,"2":0,"3":0,"4":0,"5":0,"6":0,"7":0},"f":{"0":0,"1":0},"b":{}}
,"D:\\codes\\99.my_projects\\zap\\backend\\src\\app.module.ts": {"path":"D:\\codes\\99.my_projects\\zap\\backend\\src\\app.module.ts","statementMap":{"0":{"start":{"line":1,"column":0},"end":{"line":1,"column":39}},"1":{"start":{"line":2,"column":0},"end":{"line":2,"column":48}},"2":{"start":{"line":3,"column":0},"end":{"line":3,"column":42}},"3":{"start":{"line":4,"column":0},"end":{"line":4,"column":55}},"4":{"start":{"line":5,"column":0},"end":{"line":5,"column":67}},"5":{"start":{"line":6,"column":0},"end":{"line":6,"column":58}},"6":{"start":{"line":7,"column":0},"end":{"line":7,"column":77}},"7":{"start":{"line":8,"column":0},"end":{"line":8,"column":74}},"8":{"start":{"line":24,"column":7},"end":{"line":24,"column":null}},"9":{"start":{"line":24,"column":13},"end":{"line":24,"column":22}},"10":{"start":{"line":24,"column":13},"end":{"line":24,"column":null}}},"fnMap":{},"branchMap":{},"s":{"0":0,"1":0,"2":0,"3":0,"4":0,"5":0,"6":0,"7":0,"8":0,"9":0,"10":0},"f":{},"b":{}}
,"D:\\codes\\99.my_projects\\zap\\backend\\src\\app.service.ts": {"path":"D:\\codes\\99.my_projects\\zap\\backend\\src\\app.service.ts","statementMap":{"0":{"start":{"line":1,"column":0},"end":{"line":1,"column":43}},"1":{"start":{"line":4,"column":7},"end":{"line":8,"column":null}},"2":{"start":{"line":6,"column":4},"end":{"line":6,"column":null}},"3":{"start":{"line":4,"column":13},"end":{"line":4,"column":23}},"4":{"start":{"line":4,"column":13},"end":{"line":8,"column":null}}},"fnMap":{"0":{"name":"(anonymous_1)","decl":{"start":{"line":5,"column":2},"end":{"line":5,"column":10}},"loc":{"start":{"line":5,"column":10},"end":{"line":7,"column":3}}}},"branchMap":{},"s":{"0":0,"1":0,"2":0,"3":0,"4":0},"f":{"0":0},"b":{}}
,"D:\\codes\\99.my_projects\\zap\\backend\\src\\main.ts": {"path":"D:\\codes\\99.my_projects\\zap\\backend\\src\\main.ts","statementMap":{"0":{"start":{"line":1,"column":0},"end":{"line":1,"column":42}},"1":{"start":{"line":2,"column":0},"end":{"line":2,"column":40}},"2":{"start":{"line":5,"column":14},"end":{"line":5,"column":49}},"3":{"start":{"line":6,"column":2},"end":{"line":6,"column":null}},"4":{"start":{"line":7,"column":2},"end":{"line":7,"column":null}},"5":{"start":{"line":9,"column":0},"end":{"line":9,"column":null}}},"fnMap":{"0":{"name":"bootstrap","decl":{"start":{"line":4,"column":15},"end":{"line":4,"column":24}},"loc":{"start":{"line":4,"column":24},"end":{"line":8,"column":1}}}},"branchMap":{},"s":{"0":0,"1":0,"2":0,"3":0,"4":0,"5":0},"f":{"0":0},"b":{}}
,"D:\\codes\\99.my_projects\\zap\\backend\\src\\application\\application.module.ts": {"path":"D:\\codes\\99.my_projects\\zap\\backend\\src\\application\\application.module.ts","statementMap":{"0":{"start":{"line":1,"column":0},"end":{"line":1,"column":39}},"1":{"start":{"line":2,"column":0},"end":{"line":2,"column":82}},"2":{"start":{"line":3,"column":0},"end":{"line":3,"column":76}},"3":{"start":{"line":4,"column":0},"end":{"line":4,"column":78}},"4":{"start":{"line":5,"column":0},"end":{"line":5,"column":75}},"5":{"start":{"line":16,"column":7},"end":{"line":16,"column":null}},"6":{"start":{"line":16,"column":13},"end":{"line":16,"column":30}},"7":{"start":{"line":16,"column":13},"end":{"line":16,"column":null}}},"fnMap":{},"branchMap":{},"s":{"0":0,"1":0,"2":0,"3":0,"4":0,"5":0,"6":0,"7":0},"f":{},"b":{}}
,"D:\\codes\\99.my_projects\\zap\\backend\\src\\application\\services\\page-application.service.ts": {"path":"D:\\codes\\99.my_projects\\zap\\backend\\src\\application\\services\\page-application.service.ts","statementMap":{"0":{"start":{"line":1,"column":0},"end":{"line":1,"column":51}},"1":{"start":{"line":5,"column":0},"end":{"line":5,"column":null}},"2":{"start":{"line":10,"column":0},"end":{"line":10,"column":56}},"3":{"start":{"line":11,"column":0},"end":{"line":11,"column":62}},"4":{"start":{"line":35,"column":7},"end":{"line":503,"column":null}},"5":{"start":{"line":37,"column":46},"end":{"line":37,"column":76}},"6":{"start":{"line":38,"column":49},"end":{"line":38,"column":85}},"7":{"start":{"line":39,"column":54},"end":{"line":39,"column":92}},"8":{"start":{"line":46,"column":20},"end":{"line":46,"column":68}},"9":{"start":{"line":47,"column":4},"end":{"line":47,"column":null}},"10":{"start":{"line":54,"column":4},"end":{"line":108,"column":5}},"11":{"start":{"line":56,"column":24},"end":{"line":56,"column":91}},"12":{"start":{"line":57,"column":6},"end":{"line":59,"column":7}},"13":{"start":{"line":58,"column":8},"end":{"line":58,"column":null}},"14":{"start":{"line":62,"column":27},"end":{"line":64,"column":null}},"15":{"start":{"line":66,"column":6},"end":{"line":68,"column":7}},"16":{"start":{"line":67,"column":8},"end":{"line":67,"column":null}},"17":{"start":{"line":71,"column":27},"end":{"line":73,"column":null}},"18":{"start":{"line":75,"column":6},"end":{"line":77,"column":7}},"19":{"start":{"line":76,"column":8},"end":{"line":76,"column":null}},"20":{"start":{"line":80,"column":19},"end":{"line":85,"column":8}},"21":{"start":{"line":88,"column":6},"end":{"line":90,"column":7}},"22":{"start":{"line":89,"column":8},"end":{"line":89,"column":null}},"23":{"start":{"line":93,"column":6},"end":{"line":93,"column":null}},"24":{"start":{"line":96,"column":6},"end":{"line":96,"column":null}},"25":{"start":{"line":97,"column":6},"end":{"line":97,"column":null}},"26":{"start":{"line":99,"column":6},"end":{"line":102,"column":null}},"27":{"start":{"line":104,"column":6},"end":{"line":106,"column":7}},"28":{"start":{"line":105,"column":8},"end":{"line":105,"column":null}},"29":{"start":{"line":107,"column":6},"end":{"line":107,"column":null}},"30":{"start":{"line":115,"column":4},"end":{"line":173,"column":5}},"31":{"start":{"line":116,"column":19},"end":{"line":116,"column":69}},"32":{"start":{"line":117,"column":6},"end":{"line":119,"column":7}},"33":{"start":{"line":118,"column":8},"end":{"line":118,"column":null}},"34":{"start":{"line":122,"column":24},"end":{"line":122,"column":88}},"35":{"start":{"line":123,"column":6},"end":{"line":125,"column":7}},"36":{"start":{"line":124,"column":8},"end":{"line":124,"column":null}},"37":{"start":{"line":128,"column":6},"end":{"line":138,"column":7}},"38":{"start":{"line":129,"column":29},"end":{"line":132,"column":null}},"39":{"start":{"line":134,"column":8},"end":{"line":136,"column":9}},"40":{"start":{"line":135,"column":10},"end":{"line":135,"column":null}},"41":{"start":{"line":137,"column":8},"end":{"line":137,"column":null}},"42":{"start":{"line":140,"column":6},"end":{"line":150,"column":7}},"43":{"start":{"line":141,"column":29},"end":{"line":144,"column":null}},"44":{"start":{"line":146,"column":8},"end":{"line":148,"column":9}},"45":{"start":{"line":147,"column":10},"end":{"line":147,"column":null}},"46":{"start":{"line":149,"column":8},"end":{"line":149,"column":null}},"47":{"start":{"line":152,"column":6},"end":{"line":154,"column":7}},"48":{"start":{"line":153,"column":8},"end":{"line":153,"column":null}},"49":{"start":{"line":156,"column":6},"end":{"line":158,"column":7}},"50":{"start":{"line":157,"column":8},"end":{"line":157,"column":null}},"51":{"start":{"line":161,"column":6},"end":{"line":161,"column":null}},"52":{"start":{"line":164,"column":6},"end":{"line":164,"column":null}},"53":{"start":{"line":165,"column":6},"end":{"line":165,"column":null}},"54":{"start":{"line":167,"column":6},"end":{"line":167,"column":null}},"55":{"start":{"line":169,"column":6},"end":{"line":171,"column":7}},"56":{"start":{"line":170,"column":8},"end":{"line":170,"column":null}},"57":{"start":{"line":172,"column":6},"end":{"line":172,"column":null}},"58":{"start":{"line":180,"column":4},"end":{"line":208,"column":5}},"59":{"start":{"line":181,"column":19},"end":{"line":181,"column":69}},"60":{"start":{"line":182,"column":6},"end":{"line":184,"column":7}},"61":{"start":{"line":183,"column":8},"end":{"line":183,"column":null}},"62":{"start":{"line":187,"column":24},"end":{"line":187,"column":88}},"63":{"start":{"line":188,"column":6},"end":{"line":190,"column":7}},"64":{"start":{"line":189,"column":8},"end":{"line":189,"column":null}},"65":{"start":{"line":193,"column":6},"end":{"line":193,"column":null}},"66":{"start":{"line":196,"column":6},"end":{"line":196,"column":null}},"67":{"start":{"line":199,"column":6},"end":{"line":199,"column":null}},"68":{"start":{"line":200,"column":6},"end":{"line":200,"column":null}},"69":{"start":{"line":202,"column":6},"end":{"line":202,"column":null}},"70":{"start":{"line":204,"column":6},"end":{"line":206,"column":7}},"71":{"start":{"line":205,"column":8},"end":{"line":205,"column":null}},"72":{"start":{"line":207,"column":6},"end":{"line":207,"column":null}},"73":{"start":{"line":215,"column":4},"end":{"line":243,"column":5}},"74":{"start":{"line":216,"column":19},"end":{"line":216,"column":69}},"75":{"start":{"line":217,"column":6},"end":{"line":219,"column":7}},"76":{"start":{"line":218,"column":8},"end":{"line":218,"column":null}},"77":{"start":{"line":222,"column":24},"end":{"line":222,"column":88}},"78":{"start":{"line":223,"column":6},"end":{"line":225,"column":7}},"79":{"start":{"line":224,"column":8},"end":{"line":224,"column":null}},"80":{"start":{"line":228,"column":6},"end":{"line":228,"column":null}},"81":{"start":{"line":231,"column":6},"end":{"line":231,"column":null}},"82":{"start":{"line":234,"column":6},"end":{"line":234,"column":null}},"83":{"start":{"line":235,"column":6},"end":{"line":235,"column":null}},"84":{"start":{"line":237,"column":6},"end":{"line":237,"column":null}},"85":{"start":{"line":239,"column":6},"end":{"line":241,"column":7}},"86":{"start":{"line":240,"column":8},"end":{"line":240,"column":null}},"87":{"start":{"line":242,"column":6},"end":{"line":242,"column":null}},"88":{"start":{"line":252,"column":4},"end":{"line":283,"column":5}},"89":{"start":{"line":253,"column":19},"end":{"line":253,"column":69}},"90":{"start":{"line":254,"column":6},"end":{"line":256,"column":7}},"91":{"start":{"line":255,"column":8},"end":{"line":255,"column":null}},"92":{"start":{"line":259,"column":24},"end":{"line":259,"column":88}},"93":{"start":{"line":260,"column":6},"end":{"line":262,"column":7}},"94":{"start":{"line":261,"column":8},"end":{"line":261,"column":null}},"95":{"start":{"line":265,"column":24},"end":{"line":265,"column":97}},"96":{"start":{"line":268,"column":6},"end":{"line":268,"column":null}},"97":{"start":{"line":271,"column":6},"end":{"line":271,"column":null}},"98":{"start":{"line":272,"column":6},"end":{"line":272,"column":null}},"99":{"start":{"line":274,"column":6},"end":{"line":277,"column":null}},"100":{"start":{"line":279,"column":6},"end":{"line":281,"column":7}},"101":{"start":{"line":280,"column":8},"end":{"line":280,"column":null}},"102":{"start":{"line":282,"column":6},"end":{"line":282,"column":null}},"103":{"start":{"line":290,"column":4},"end":{"line":318,"column":5}},"104":{"start":{"line":291,"column":19},"end":{"line":291,"column":69}},"105":{"start":{"line":292,"column":6},"end":{"line":294,"column":7}},"106":{"start":{"line":293,"column":8},"end":{"line":293,"column":null}},"107":{"start":{"line":297,"column":24},"end":{"line":297,"column":88}},"108":{"start":{"line":298,"column":6},"end":{"line":300,"column":7}},"109":{"start":{"line":299,"column":8},"end":{"line":299,"column":null}},"110":{"start":{"line":303,"column":6},"end":{"line":303,"column":null}},"111":{"start":{"line":306,"column":6},"end":{"line":306,"column":null}},"112":{"start":{"line":309,"column":6},"end":{"line":309,"column":null}},"113":{"start":{"line":310,"column":6},"end":{"line":310,"column":null}},"114":{"start":{"line":312,"column":6},"end":{"line":312,"column":null}},"115":{"start":{"line":314,"column":6},"end":{"line":316,"column":7}},"116":{"start":{"line":315,"column":8},"end":{"line":315,"column":null}},"117":{"start":{"line":317,"column":6},"end":{"line":317,"column":null}},"118":{"start":{"line":325,"column":4},"end":{"line":353,"column":5}},"119":{"start":{"line":326,"column":19},"end":{"line":326,"column":69}},"120":{"start":{"line":327,"column":6},"end":{"line":329,"column":7}},"121":{"start":{"line":328,"column":8},"end":{"line":328,"column":null}},"122":{"start":{"line":332,"column":24},"end":{"line":332,"column":88}},"123":{"start":{"line":333,"column":6},"end":{"line":335,"column":7}},"124":{"start":{"line":334,"column":8},"end":{"line":334,"column":null}},"125":{"start":{"line":338,"column":6},"end":{"line":338,"column":null}},"126":{"start":{"line":341,"column":6},"end":{"line":341,"column":null}},"127":{"start":{"line":344,"column":6},"end":{"line":344,"column":null}},"128":{"start":{"line":345,"column":6},"end":{"line":345,"column":null}},"129":{"start":{"line":347,"column":6},"end":{"line":347,"column":null}},"130":{"start":{"line":349,"column":6},"end":{"line":351,"column":7}},"131":{"start":{"line":350,"column":8},"end":{"line":350,"column":null}},"132":{"start":{"line":352,"column":6},"end":{"line":352,"column":null}},"133":{"start":{"line":360,"column":4},"end":{"line":388,"column":5}},"134":{"start":{"line":361,"column":19},"end":{"line":361,"column":69}},"135":{"start":{"line":362,"column":6},"end":{"line":364,"column":7}},"136":{"start":{"line":363,"column":8},"end":{"line":363,"column":null}},"137":{"start":{"line":367,"column":24},"end":{"line":367,"column":88}},"138":{"start":{"line":368,"column":6},"end":{"line":370,"column":7}},"139":{"start":{"line":369,"column":8},"end":{"line":369,"column":null}},"140":{"start":{"line":373,"column":6},"end":{"line":373,"column":null}},"141":{"start":{"line":376,"column":6},"end":{"line":376,"column":null}},"142":{"start":{"line":379,"column":6},"end":{"line":379,"column":null}},"143":{"start":{"line":380,"column":6},"end":{"line":380,"column":null}},"144":{"start":{"line":382,"column":6},"end":{"line":382,"column":null}},"145":{"start":{"line":384,"column":6},"end":{"line":386,"column":7}},"146":{"start":{"line":385,"column":8},"end":{"line":385,"column":null}},"147":{"start":{"line":387,"column":6},"end":{"line":387,"column":null}},"148":{"start":{"line":395,"column":4},"end":{"line":413,"column":5}},"149":{"start":{"line":396,"column":19},"end":{"line":396,"column":67}},"150":{"start":{"line":397,"column":6},"end":{"line":399,"column":7}},"151":{"start":{"line":398,"column":8},"end":{"line":398,"column":null}},"152":{"start":{"line":402,"column":24},"end":{"line":402,"column":86}},"153":{"start":{"line":403,"column":6},"end":{"line":405,"column":7}},"154":{"start":{"line":404,"column":8},"end":{"line":404,"column":null}},"155":{"start":{"line":407,"column":6},"end":{"line":410,"column":null}},"156":{"start":{"line":412,"column":6},"end":{"line":412,"column":null}},"157":{"start":{"line":428,"column":4},"end":{"line":458,"column":5}},"158":{"start":{"line":430,"column":24},"end":{"line":430,"column":87}},"159":{"start":{"line":431,"column":6},"end":{"line":433,"column":7}},"160":{"start":{"line":432,"column":8},"end":{"line":432,"column":null}},"161":{"start":{"line":435,"column":19},"end":{"line":435,"column":34}},"162":{"start":{"line":436,"column":20},"end":{"line":436,"column":37}},"163":{"start":{"line":438,"column":21},"end":{"line":442,"column":null}},"164":{"start":{"line":446,"column":6},"end":{"line":450,"column":7}},"165":{"start":{"line":447,"column":8},"end":{"line":447,"column":null}},"166":{"start":{"line":447,"column":48},"end":{"line":447,"column":61}},"167":{"start":{"line":448,"column":8},"end":{"line":448,"column":null}},"168":{"start":{"line":449,"column":8},"end":{"line":449,"column":null}},"169":{"start":{"line":452,"column":6},"end":{"line":455,"column":null}},"170":{"start":{"line":457,"column":6},"end":{"line":457,"column":null}},"171":{"start":{"line":470,"column":4},"end":{"line":501,"column":5}},"172":{"start":{"line":471,"column":19},"end":{"line":471,"column":67}},"173":{"start":{"line":472,"column":6},"end":{"line":474,"column":7}},"174":{"start":{"line":473,"column":8},"end":{"line":473,"column":null}},"175":{"start":{"line":477,"column":24},"end":{"line":477,"column":86}},"176":{"start":{"line":478,"column":6},"end":{"line":480,"column":7}},"177":{"start":{"line":479,"column":8},"end":{"line":479,"column":null}},"178":{"start":{"line":483,"column":25},"end":{"line":490,"column":null}},"179":{"start":{"line":489,"column":53},"end":{"line":489,"column":80}},"180":{"start":{"line":492,"column":6},"end":{"line":498,"column":null}},"181":{"start":{"line":500,"column":6},"end":{"line":500,"column":null}},"182":{"start":{"line":35,"column":13},"end":{"line":35,"column":35}},"183":{"start":{"line":35,"column":13},"end":{"line":503,"column":null}}},"fnMap":{"0":{"name":"(anonymous_4)","decl":{"start":{"line":36,"column":2},"end":{"line":36,"column":null}},"loc":{"start":{"line":39,"column":92},"end":{"line":40,"column":6}}},"1":{"name":"(anonymous_5)","decl":{"start":{"line":45,"column":10},"end":{"line":45,"column":15}},"loc":{"start":{"line":45,"column":71},"end":{"line":48,"column":3}}},"2":{"name":"(anonymous_6)","decl":{"start":{"line":53,"column":2},"end":{"line":53,"column":7}},"loc":{"start":{"line":53,"column":45},"end":{"line":109,"column":3}}},"3":{"name":"(anonymous_7)","decl":{"start":{"line":114,"column":2},"end":{"line":114,"column":7}},"loc":{"start":{"line":114,"column":45},"end":{"line":174,"column":3}}},"4":{"name":"(anonymous_8)","decl":{"start":{"line":179,"column":2},"end":{"line":179,"column":7}},"loc":{"start":{"line":179,"column":47},"end":{"line":209,"column":3}}},"5":{"name":"(anonymous_9)","decl":{"start":{"line":214,"column":2},"end":{"line":214,"column":7}},"loc":{"start":{"line":214,"column":51},"end":{"line":244,"column":3}}},"6":{"name":"(anonymous_10)","decl":{"start":{"line":249,"column":2},"end":{"line":249,"column":7}},"loc":{"start":{"line":250,"column":32},"end":{"line":284,"column":3}}},"7":{"name":"(anonymous_11)","decl":{"start":{"line":289,"column":2},"end":{"line":289,"column":7}},"loc":{"start":{"line":289,"column":55},"end":{"line":319,"column":3}}},"8":{"name":"(anonymous_12)","decl":{"start":{"line":324,"column":2},"end":{"line":324,"column":7}},"loc":{"start":{"line":324,"column":55},"end":{"line":354,"column":3}}},"9":{"name":"(anonymous_13)","decl":{"start":{"line":359,"column":2},"end":{"line":359,"column":7}},"loc":{"start":{"line":359,"column":59},"end":{"line":389,"column":3}}},"10":{"name":"(anonymous_14)","decl":{"start":{"line":394,"column":2},"end":{"line":394,"column":7}},"loc":{"start":{"line":394,"column":35},"end":{"line":414,"column":3}}},"11":{"name":"(anonymous_15)","decl":{"start":{"line":419,"column":2},"end":{"line":419,"column":7}},"loc":{"start":{"line":419,"column":51},"end":{"line":459,"column":3}}},"12":{"name":"(anonymous_16)","decl":{"start":{"line":447,"column":43},"end":{"line":447,"column":44}},"loc":{"start":{"line":447,"column":48},"end":{"line":447,"column":61}}},"13":{"name":"(anonymous_17)","decl":{"start":{"line":464,"column":2},"end":{"line":464,"column":7}},"loc":{"start":{"line":464,"column":43},"end":{"line":502,"column":3}}},"14":{"name":"(anonymous_18)","decl":{"start":{"line":489,"column":40},"end":{"line":489,"column":49}},"loc":{"start":{"line":489,"column":53},"end":{"line":489,"column":80}}}},"branchMap":{"0":{"loc":{"start":{"line":57,"column":6},"end":{"line":59,"column":7}},"type":"if","locations":[{"start":{"line":57,"column":6},"end":{"line":59,"column":7}}]},"1":{"loc":{"start":{"line":66,"column":6},"end":{"line":68,"column":7}},"type":"if","locations":[{"start":{"line":66,"column":6},"end":{"line":68,"column":7}}]},"2":{"loc":{"start":{"line":75,"column":6},"end":{"line":77,"column":7}},"type":"if","locations":[{"start":{"line":75,"column":6},"end":{"line":77,"column":7}}]},"3":{"loc":{"start":{"line":88,"column":6},"end":{"line":90,"column":7}},"type":"if","locations":[{"start":{"line":88,"column":6},"end":{"line":90,"column":7}}]},"4":{"loc":{"start":{"line":104,"column":6},"end":{"line":106,"column":7}},"type":"if","locations":[{"start":{"line":104,"column":6},"end":{"line":106,"column":7}}]},"5":{"loc":{"start":{"line":117,"column":6},"end":{"line":119,"column":7}},"type":"if","locations":[{"start":{"line":117,"column":6},"end":{"line":119,"column":7}}]},"6":{"loc":{"start":{"line":123,"column":6},"end":{"line":125,"column":7}},"type":"if","locations":[{"start":{"line":123,"column":6},"end":{"line":125,"column":7}}]},"7":{"loc":{"start":{"line":128,"column":6},"end":{"line":138,"column":7}},"type":"if","locations":[{"start":{"line":128,"column":6},"end":{"line":138,"column":7}}]},"8":{"loc":{"start":{"line":128,"column":10},"end":{"line":128,"column":52}},"type":"binary-expr","locations":[{"start":{"line":128,"column":10},"end":{"line":128,"column":22}},{"start":{"line":128,"column":26},"end":{"line":128,"column":52}}]},"9":{"loc":{"start":{"line":134,"column":8},"end":{"line":136,"column":9}},"type":"if","locations":[{"start":{"line":134,"column":8},"end":{"line":136,"column":9}}]},"10":{"loc":{"start":{"line":140,"column":6},"end":{"line":150,"column":7}},"type":"if","locations":[{"start":{"line":140,"column":6},"end":{"line":150,"column":7}}]},"11":{"loc":{"start":{"line":140,"column":10},"end":{"line":140,"column":52}},"type":"binary-expr","locations":[{"start":{"line":140,"column":10},"end":{"line":140,"column":22}},{"start":{"line":140,"column":26},"end":{"line":140,"column":52}}]},"12":{"loc":{"start":{"line":146,"column":8},"end":{"line":148,"column":9}},"type":"if","locations":[{"start":{"line":146,"column":8},"end":{"line":148,"column":9}}]},"13":{"loc":{"start":{"line":152,"column":6},"end":{"line":154,"column":7}},"type":"if","locations":[{"start":{"line":152,"column":6},"end":{"line":154,"column":7}}]},"14":{"loc":{"start":{"line":156,"column":6},"end":{"line":158,"column":7}},"type":"if","locations":[{"start":{"line":156,"column":6},"end":{"line":158,"column":7}}]},"15":{"loc":{"start":{"line":169,"column":6},"end":{"line":171,"column":7}},"type":"if","locations":[{"start":{"line":169,"column":6},"end":{"line":171,"column":7}}]},"16":{"loc":{"start":{"line":182,"column":6},"end":{"line":184,"column":7}},"type":"if","locations":[{"start":{"line":182,"column":6},"end":{"line":184,"column":7}}]},"17":{"loc":{"start":{"line":188,"column":6},"end":{"line":190,"column":7}},"type":"if","locations":[{"start":{"line":188,"column":6},"end":{"line":190,"column":7}}]},"18":{"loc":{"start":{"line":204,"column":6},"end":{"line":206,"column":7}},"type":"if","locations":[{"start":{"line":204,"column":6},"end":{"line":206,"column":7}}]},"19":{"loc":{"start":{"line":217,"column":6},"end":{"line":219,"column":7}},"type":"if","locations":[{"start":{"line":217,"column":6},"end":{"line":219,"column":7}}]},"20":{"loc":{"start":{"line":223,"column":6},"end":{"line":225,"column":7}},"type":"if","locations":[{"start":{"line":223,"column":6},"end":{"line":225,"column":7}}]},"21":{"loc":{"start":{"line":239,"column":6},"end":{"line":241,"column":7}},"type":"if","locations":[{"start":{"line":239,"column":6},"end":{"line":241,"column":7}}]},"22":{"loc":{"start":{"line":254,"column":6},"end":{"line":256,"column":7}},"type":"if","locations":[{"start":{"line":254,"column":6},"end":{"line":256,"column":7}}]},"23":{"loc":{"start":{"line":260,"column":6},"end":{"line":262,"column":7}},"type":"if","locations":[{"start":{"line":260,"column":6},"end":{"line":262,"column":7}}]},"24":{"loc":{"start":{"line":279,"column":6},"end":{"line":281,"column":7}},"type":"if","locations":[{"start":{"line":279,"column":6},"end":{"line":281,"column":7}}]},"25":{"loc":{"start":{"line":292,"column":6},"end":{"line":294,"column":7}},"type":"if","locations":[{"start":{"line":292,"column":6},"end":{"line":294,"column":7}}]},"26":{"loc":{"start":{"line":298,"column":6},"end":{"line":300,"column":7}},"type":"if","locations":[{"start":{"line":298,"column":6},"end":{"line":300,"column":7}}]},"27":{"loc":{"start":{"line":314,"column":6},"end":{"line":316,"column":7}},"type":"if","locations":[{"start":{"line":314,"column":6},"end":{"line":316,"column":7}}]},"28":{"loc":{"start":{"line":327,"column":6},"end":{"line":329,"column":7}},"type":"if","locations":[{"start":{"line":327,"column":6},"end":{"line":329,"column":7}}]},"29":{"loc":{"start":{"line":333,"column":6},"end":{"line":335,"column":7}},"type":"if","locations":[{"start":{"line":333,"column":6},"end":{"line":335,"column":7}}]},"30":{"loc":{"start":{"line":349,"column":6},"end":{"line":351,"column":7}},"type":"if","locations":[{"start":{"line":349,"column":6},"end":{"line":351,"column":7}}]},"31":{"loc":{"start":{"line":362,"column":6},"end":{"line":364,"column":7}},"type":"if","locations":[{"start":{"line":362,"column":6},"end":{"line":364,"column":7}}]},"32":{"loc":{"start":{"line":368,"column":6},"end":{"line":370,"column":7}},"type":"if","locations":[{"start":{"line":368,"column":6},"end":{"line":370,"column":7}}]},"33":{"loc":{"start":{"line":384,"column":6},"end":{"line":386,"column":7}},"type":"if","locations":[{"start":{"line":384,"column":6},"end":{"line":386,"column":7}}]},"34":{"loc":{"start":{"line":397,"column":6},"end":{"line":399,"column":7}},"type":"if","locations":[{"start":{"line":397,"column":6},"end":{"line":399,"column":7}}]},"35":{"loc":{"start":{"line":403,"column":6},"end":{"line":405,"column":7}},"type":"if","locations":[{"start":{"line":403,"column":6},"end":{"line":405,"column":7}}]},"36":{"loc":{"start":{"line":431,"column":6},"end":{"line":433,"column":7}},"type":"if","locations":[{"start":{"line":431,"column":6},"end":{"line":433,"column":7}}]},"37":{"loc":{"start":{"line":435,"column":19},"end":{"line":435,"column":34}},"type":"binary-expr","locations":[{"start":{"line":435,"column":19},"end":{"line":435,"column":29}},{"start":{"line":435,"column":33},"end":{"line":435,"column":34}}]},"38":{"loc":{"start":{"line":436,"column":20},"end":{"line":436,"column":37}},"type":"binary-expr","locations":[{"start":{"line":436,"column":20},"end":{"line":436,"column":31}},{"start":{"line":436,"column":35},"end":{"line":436,"column":37}}]},"39":{"loc":{"start":{"line":446,"column":6},"end":{"line":450,"column":7}},"type":"if","locations":[{"start":{"line":446,"column":6},"end":{"line":450,"column":7}}]},"40":{"loc":{"start":{"line":472,"column":6},"end":{"line":474,"column":7}},"type":"if","locations":[{"start":{"line":472,"column":6},"end":{"line":474,"column":7}}]},"41":{"loc":{"start":{"line":478,"column":6},"end":{"line":480,"column":7}},"type":"if","locations":[{"start":{"line":478,"column":6},"end":{"line":480,"column":7}}]},"42":{"loc":{"start":{"line":485,"column":17},"end":{"line":485,"column":40}},"type":"binary-expr","locations":[{"start":{"line":485,"column":17},"end":{"line":485,"column":27}},{"start":{"line":485,"column":31},"end":{"line":485,"column":40}}]}},"s":{"0":0,"1":0,"2":0,"3":0,"4":0,"5":0,"6":0,"7":0,"8":0,"9":0,"10":0,"11":0,"12":0,"13":0,"14":0,"15":0,"16":0,"17":0,"18":0,"19":0,"20":0,"21":0,"22":0,"23":0,"24":0,"25":0,"26":0,"27":0,"28":0,"29":0,"30":0,"31":0,"32":0,"33":0,"34":0,"35":0,"36":0,"37":0,"38":0,"39":0,"40":0,"41":0,"42":0,"43":0,"44":0,"45":0,"46":0,"47":0,"48":0,"49":0,"50":0,"51":0,"52":0,"53":0,"54":0,"55":0,"56":0,"57":0,"58":0,"59":0,"60":0,"61":0,"62":0,"63":0,"64":0,"65":0,"66":0,"67":0,"68":0,"69":0,"70":0,"71":0,"72":0,"73":0,"74":0,"75":0,"76":0,"77":0,"78":0,"79":0,"80":0,"81":0,"82":0,"83":0,"84":0,"85":0,"86":0,"87":0,"88":0,"89":0,"90":0,"91":0,"92":0,"93":0,"94":0,"95":0,"96":0,"97":0,"98":0,"99":0,"100":0,"101":0,"102":0,"103":0,"104":0,"105":0,"106":0,"107":0,"108":0,"109":0,"110":0,"111":0,"112":0,"113":0,"114":0,"115":0,"116":0,"117":0,"118":0,"119":0,"120":0,"121":0,"122":0,"123":0,"124":0,"125":0,"126":0,"127":0,"128":0,"129":0,"130":0,"131":0,"132":0,"133":0,"134":0,"135":0,"136":0,"137":0,"138":0,"139":0,"140":0,"141":0,"142":0,"143":0,"144":0,"145":0,"146":0,"147":0,"148":0,"149":0,"150":0,"151":0,"152":0,"153":0,"154":0,"155":0,"156":0,"157":0,"158":0,"159":0,"160":0,"161":0,"162":0,"163":0,"164":0,"165":0,"166":0,"167":0,"168":0,"169":0,"170":0,"171":0,"172":0,"173":0,"174":0,"175":0,"176":0,"177":0,"178":0,"179":0,"180":0,"181":0,"182":0,"183":0},"f":{"0":0,"1":0,"2":0,"3":0,"4":0,"5":0,"6":0,"7":0,"8":0,"9":0,"10":0,"11":0,"12":0,"13":0,"14":0},"b":{"0":[0],"1":[0],"2":[0],"3":[0],"4":[0],"5":[0],"6":[0],"7":[0],"8":[0,0],"9":[0],"10":[0],"11":[0,0],"12":[0],"13":[0],"14":[0],"15":[0],"16":[0],"17":[0],"18":[0],"19":[0],"20":[0],"21":[0],"22":[0],"23":[0],"24":[0],"25":[0],"26":[0],"27":[0],"28":[0],"29":[0],"30":[0],"31":[0],"32":[0],"33":[0],"34":[0],"35":[0],"36":[0],"37":[0,0],"38":[0,0],"39":[0],"40":[0],"41":[0],"42":[0,0]}}
,"D:\\codes\\99.my_projects\\zap\\backend\\src\\application\\services\\project-application.service.ts": {"path":"D:\\codes\\99.my_projects\\zap\\backend\\src\\application\\services\\project-application.service.ts","statementMap":{"0":{"start":{"line":1,"column":0},"end":{"line":1,"column":51}},"1":{"start":{"line":5,"column":0},"end":{"line":5,"column":62}},"2":{"start":{"line":6,"column":0},"end":{"line":6,"column":62}},"3":{"start":{"line":7,"column":0},"end":{"line":7,"column":null}},"4":{"start":{"line":36,"column":7},"end":{"line":305,"column":null}},"5":{"start":{"line":38,"column":49},"end":{"line":38,"column":85}},"6":{"start":{"line":39,"column":46},"end":{"line":39,"column":76}},"7":{"start":{"line":40,"column":54},"end":{"line":40,"column":92}},"8":{"start":{"line":49,"column":4},"end":{"line":89,"column":5}},"9":{"start":{"line":51,"column":19},"end":{"line":51,"column":69}},"10":{"start":{"line":52,"column":6},"end":{"line":54,"column":7}},"11":{"start":{"line":53,"column":8},"end":{"line":53,"column":null}},"12":{"start":{"line":57,"column":27},"end":{"line":59,"column":null}},"13":{"start":{"line":61,"column":6},"end":{"line":63,"column":7}},"14":{"start":{"line":62,"column":8},"end":{"line":62,"column":null}},"15":{"start":{"line":66,"column":22},"end":{"line":71,"column":8}},"16":{"start":{"line":74,"column":6},"end":{"line":74,"column":null}},"17":{"start":{"line":77,"column":6},"end":{"line":77,"column":null}},"18":{"start":{"line":78,"column":6},"end":{"line":78,"column":null}},"19":{"start":{"line":80,"column":6},"end":{"line":83,"column":null}},"20":{"start":{"line":85,"column":6},"end":{"line":87,"column":7}},"21":{"start":{"line":86,"column":8},"end":{"line":86,"column":null}},"22":{"start":{"line":88,"column":6},"end":{"line":88,"column":null}},"23":{"start":{"line":96,"column":4},"end":{"line":141,"column":5}},"24":{"start":{"line":97,"column":22},"end":{"line":97,"column":78}},"25":{"start":{"line":98,"column":6},"end":{"line":100,"column":7}},"26":{"start":{"line":99,"column":8},"end":{"line":99,"column":null}},"27":{"start":{"line":103,"column":6},"end":{"line":105,"column":7}},"28":{"start":{"line":104,"column":8},"end":{"line":104,"column":null}},"29":{"start":{"line":108,"column":6},"end":{"line":118,"column":7}},"30":{"start":{"line":109,"column":29},"end":{"line":112,"column":null}},"31":{"start":{"line":114,"column":8},"end":{"line":116,"column":9}},"32":{"start":{"line":115,"column":10},"end":{"line":115,"column":null}},"33":{"start":{"line":117,"column":8},"end":{"line":117,"column":null}},"34":{"start":{"line":120,"column":6},"end":{"line":122,"column":7}},"35":{"start":{"line":121,"column":8},"end":{"line":121,"column":null}},"36":{"start":{"line":124,"column":6},"end":{"line":126,"column":7}},"37":{"start":{"line":125,"column":8},"end":{"line":125,"column":null}},"38":{"start":{"line":129,"column":6},"end":{"line":129,"column":null}},"39":{"start":{"line":132,"column":6},"end":{"line":132,"column":null}},"40":{"start":{"line":133,"column":6},"end":{"line":133,"column":null}},"41":{"start":{"line":135,"column":6},"end":{"line":135,"column":null}},"42":{"start":{"line":137,"column":6},"end":{"line":139,"column":7}},"43":{"start":{"line":138,"column":8},"end":{"line":138,"column":null}},"44":{"start":{"line":140,"column":6},"end":{"line":140,"column":null}},"45":{"start":{"line":148,"column":4},"end":{"line":175,"column":5}},"46":{"start":{"line":149,"column":22},"end":{"line":149,"column":78}},"47":{"start":{"line":150,"column":6},"end":{"line":152,"column":7}},"48":{"start":{"line":151,"column":8},"end":{"line":151,"column":null}},"49":{"start":{"line":155,"column":6},"end":{"line":157,"column":7}},"50":{"start":{"line":156,"column":8},"end":{"line":156,"column":null}},"51":{"start":{"line":160,"column":6},"end":{"line":160,"column":null}},"52":{"start":{"line":163,"column":6},"end":{"line":163,"column":null}},"53":{"start":{"line":166,"column":6},"end":{"line":166,"column":null}},"54":{"start":{"line":167,"column":6},"end":{"line":167,"column":null}},"55":{"start":{"line":169,"column":6},"end":{"line":169,"column":null}},"56":{"start":{"line":171,"column":6},"end":{"line":173,"column":7}},"57":{"start":{"line":172,"column":8},"end":{"line":172,"column":null}},"58":{"start":{"line":174,"column":6},"end":{"line":174,"column":null}},"59":{"start":{"line":182,"column":4},"end":{"line":202,"column":5}},"60":{"start":{"line":183,"column":22},"end":{"line":183,"column":78}},"61":{"start":{"line":184,"column":6},"end":{"line":186,"column":7}},"62":{"start":{"line":185,"column":8},"end":{"line":185,"column":null}},"63":{"start":{"line":189,"column":6},"end":{"line":191,"column":7}},"64":{"start":{"line":190,"column":8},"end":{"line":190,"column":null}},"65":{"start":{"line":194,"column":6},"end":{"line":194,"column":null}},"66":{"start":{"line":196,"column":6},"end":{"line":196,"column":null}},"67":{"start":{"line":198,"column":6},"end":{"line":200,"column":7}},"68":{"start":{"line":199,"column":8},"end":{"line":199,"column":null}},"69":{"start":{"line":201,"column":6},"end":{"line":201,"column":null}},"70":{"start":{"line":209,"column":4},"end":{"line":226,"column":5}},"71":{"start":{"line":210,"column":22},"end":{"line":210,"column":76}},"72":{"start":{"line":211,"column":6},"end":{"line":213,"column":7}},"73":{"start":{"line":212,"column":8},"end":{"line":212,"column":null}},"74":{"start":{"line":216,"column":6},"end":{"line":218,"column":7}},"75":{"start":{"line":217,"column":8},"end":{"line":217,"column":null}},"76":{"start":{"line":220,"column":6},"end":{"line":223,"column":null}},"77":{"start":{"line":225,"column":6},"end":{"line":225,"column":null}},"78":{"start":{"line":241,"column":4},"end":{"line":265,"column":5}},"79":{"start":{"line":242,"column":19},"end":{"line":242,"column":34}},"80":{"start":{"line":243,"column":20},"end":{"line":243,"column":37}},"81":{"start":{"line":245,"column":21},"end":{"line":249,"column":null}},"82":{"start":{"line":253,"column":6},"end":{"line":257,"column":7}},"83":{"start":{"line":254,"column":8},"end":{"line":254,"column":null}},"84":{"start":{"line":254,"column":54},"end":{"line":254,"column":79}},"85":{"start":{"line":255,"column":8},"end":{"line":255,"column":null}},"86":{"start":{"line":256,"column":8},"end":{"line":256,"column":null}},"87":{"start":{"line":259,"column":6},"end":{"line":262,"column":null}},"88":{"start":{"line":264,"column":6},"end":{"line":264,"column":null}},"89":{"start":{"line":279,"column":4},"end":{"line":287,"column":5}},"90":{"start":{"line":280,"column":20},"end":{"line":280,"column":78}},"91":{"start":{"line":281,"column":6},"end":{"line":284,"column":null}},"92":{"start":{"line":286,"column":6},"end":{"line":286,"column":null}},"93":{"start":{"line":294,"column":4},"end":{"line":303,"column":5}},"94":{"start":{"line":295,"column":23},"end":{"line":295,"column":98}},"95":{"start":{"line":297,"column":6},"end":{"line":300,"column":null}},"96":{"start":{"line":302,"column":6},"end":{"line":302,"column":null}},"97":{"start":{"line":36,"column":13},"end":{"line":36,"column":38}},"98":{"start":{"line":36,"column":13},"end":{"line":305,"column":null}}},"fnMap":{"0":{"name":"(anonymous_4)","decl":{"start":{"line":37,"column":2},"end":{"line":37,"column":null}},"loc":{"start":{"line":40,"column":92},"end":{"line":41,"column":6}}},"1":{"name":"(anonymous_5)","decl":{"start":{"line":46,"column":2},"end":{"line":46,"column":7}},"loc":{"start":{"line":47,"column":33},"end":{"line":90,"column":3}}},"2":{"name":"(anonymous_6)","decl":{"start":{"line":95,"column":2},"end":{"line":95,"column":7}},"loc":{"start":{"line":95,"column":51},"end":{"line":142,"column":3}}},"3":{"name":"(anonymous_7)","decl":{"start":{"line":147,"column":2},"end":{"line":147,"column":7}},"loc":{"start":{"line":147,"column":53},"end":{"line":176,"column":3}}},"4":{"name":"(anonymous_8)","decl":{"start":{"line":181,"column":2},"end":{"line":181,"column":7}},"loc":{"start":{"line":181,"column":51},"end":{"line":203,"column":3}}},"5":{"name":"(anonymous_9)","decl":{"start":{"line":208,"column":2},"end":{"line":208,"column":7}},"loc":{"start":{"line":208,"column":41},"end":{"line":227,"column":3}}},"6":{"name":"(anonymous_10)","decl":{"start":{"line":232,"column":2},"end":{"line":232,"column":7}},"loc":{"start":{"line":232,"column":51},"end":{"line":266,"column":3}}},"7":{"name":"(anonymous_11)","decl":{"start":{"line":254,"column":49},"end":{"line":254,"column":50}},"loc":{"start":{"line":254,"column":54},"end":{"line":254,"column":79}}},"8":{"name":"(anonymous_12)","decl":{"start":{"line":271,"column":2},"end":{"line":271,"column":7}},"loc":{"start":{"line":271,"column":51},"end":{"line":288,"column":3}}},"9":{"name":"(anonymous_13)","decl":{"start":{"line":293,"column":2},"end":{"line":293,"column":7}},"loc":{"start":{"line":293,"column":55},"end":{"line":304,"column":3}}}},"branchMap":{"0":{"loc":{"start":{"line":52,"column":6},"end":{"line":54,"column":7}},"type":"if","locations":[{"start":{"line":52,"column":6},"end":{"line":54,"column":7}}]},"1":{"loc":{"start":{"line":61,"column":6},"end":{"line":63,"column":7}},"type":"if","locations":[{"start":{"line":61,"column":6},"end":{"line":63,"column":7}}]},"2":{"loc":{"start":{"line":85,"column":6},"end":{"line":87,"column":7}},"type":"if","locations":[{"start":{"line":85,"column":6},"end":{"line":87,"column":7}}]},"3":{"loc":{"start":{"line":98,"column":6},"end":{"line":100,"column":7}},"type":"if","locations":[{"start":{"line":98,"column":6},"end":{"line":100,"column":7}}]},"4":{"loc":{"start":{"line":103,"column":6},"end":{"line":105,"column":7}},"type":"if","locations":[{"start":{"line":103,"column":6},"end":{"line":105,"column":7}}]},"5":{"loc":{"start":{"line":108,"column":6},"end":{"line":118,"column":7}},"type":"if","locations":[{"start":{"line":108,"column":6},"end":{"line":118,"column":7}}]},"6":{"loc":{"start":{"line":108,"column":10},"end":{"line":108,"column":55}},"type":"binary-expr","locations":[{"start":{"line":108,"column":10},"end":{"line":108,"column":22}},{"start":{"line":108,"column":26},"end":{"line":108,"column":55}}]},"7":{"loc":{"start":{"line":114,"column":8},"end":{"line":116,"column":9}},"type":"if","locations":[{"start":{"line":114,"column":8},"end":{"line":116,"column":9}}]},"8":{"loc":{"start":{"line":120,"column":6},"end":{"line":122,"column":7}},"type":"if","locations":[{"start":{"line":120,"column":6},"end":{"line":122,"column":7}}]},"9":{"loc":{"start":{"line":124,"column":6},"end":{"line":126,"column":7}},"type":"if","locations":[{"start":{"line":124,"column":6},"end":{"line":126,"column":7}}]},"10":{"loc":{"start":{"line":137,"column":6},"end":{"line":139,"column":7}},"type":"if","locations":[{"start":{"line":137,"column":6},"end":{"line":139,"column":7}}]},"11":{"loc":{"start":{"line":150,"column":6},"end":{"line":152,"column":7}},"type":"if","locations":[{"start":{"line":150,"column":6},"end":{"line":152,"column":7}}]},"12":{"loc":{"start":{"line":155,"column":6},"end":{"line":157,"column":7}},"type":"if","locations":[{"start":{"line":155,"column":6},"end":{"line":157,"column":7}}]},"13":{"loc":{"start":{"line":171,"column":6},"end":{"line":173,"column":7}},"type":"if","locations":[{"start":{"line":171,"column":6},"end":{"line":173,"column":7}}]},"14":{"loc":{"start":{"line":184,"column":6},"end":{"line":186,"column":7}},"type":"if","locations":[{"start":{"line":184,"column":6},"end":{"line":186,"column":7}}]},"15":{"loc":{"start":{"line":189,"column":6},"end":{"line":191,"column":7}},"type":"if","locations":[{"start":{"line":189,"column":6},"end":{"line":191,"column":7}}]},"16":{"loc":{"start":{"line":198,"column":6},"end":{"line":200,"column":7}},"type":"if","locations":[{"start":{"line":198,"column":6},"end":{"line":200,"column":7}}]},"17":{"loc":{"start":{"line":211,"column":6},"end":{"line":213,"column":7}},"type":"if","locations":[{"start":{"line":211,"column":6},"end":{"line":213,"column":7}}]},"18":{"loc":{"start":{"line":216,"column":6},"end":{"line":218,"column":7}},"type":"if","locations":[{"start":{"line":216,"column":6},"end":{"line":218,"column":7}}]},"19":{"loc":{"start":{"line":242,"column":19},"end":{"line":242,"column":34}},"type":"binary-expr","locations":[{"start":{"line":242,"column":19},"end":{"line":242,"column":29}},{"start":{"line":242,"column":33},"end":{"line":242,"column":34}}]},"20":{"loc":{"start":{"line":243,"column":20},"end":{"line":243,"column":37}},"type":"binary-expr","locations":[{"start":{"line":243,"column":20},"end":{"line":243,"column":31}},{"start":{"line":243,"column":35},"end":{"line":243,"column":37}}]},"21":{"loc":{"start":{"line":253,"column":6},"end":{"line":257,"column":7}},"type":"if","locations":[{"start":{"line":253,"column":6},"end":{"line":257,"column":7}}]}},"s":{"0":2,"1":2,"2":2,"3":2,"4":2,"5":7,"6":7,"7":7,"8":3,"9":3,"10":3,"11":1,"12":2,"13":2,"14":1,"15":1,"16":1,"17":1,"18":1,"19":1,"20":0,"21":0,"22":0,"23":0,"24":0,"25":0,"26":0,"27":0,"28":0,"29":0,"30":0,"31":0,"32":0,"33":0,"34":0,"35":0,"36":0,"37":0,"38":0,"39":0,"40":0,"41":0,"42":0,"43":0,"44":0,"45":0,"46":0,"47":0,"48":0,"49":0,"50":0,"51":0,"52":0,"53":0,"54":0,"55":0,"56":0,"57":0,"58":0,"59":2,"60":2,"61":2,"62":1,"63":1,"64":0,"65":1,"66":1,"67":0,"68":0,"69":0,"70":2,"71":2,"72":2,"73":1,"74":1,"75":0,"76":1,"77":0,"78":0,"79":0,"80":0,"81":0,"82":0,"83":0,"84":0,"85":0,"86":0,"87":0,"88":0,"89":0,"90":0,"91":0,"92":0,"93":0,"94":0,"95":0,"96":0,"97":2,"98":2},"f":{"0":7,"1":3,"2":0,"3":0,"4":2,"5":2,"6":0,"7":0,"8":0,"9":0},"b":{"0":[1],"1":[1],"2":[0],"3":[0],"4":[0],"5":[0],"6":[0,0],"7":[0],"8":[0],"9":[0],"10":[0],"11":[0],"12":[0],"13":[0],"14":[1],"15":[0],"16":[0],"17":[1],"18":[0],"19":[0,0],"20":[0,0],"21":[0]}}
,"D:\\codes\\99.my_projects\\zap\\backend\\src\\common\\constants\\injection-tokens.ts": {"path":"D:\\codes\\99.my_projects\\zap\\backend\\src\\common\\constants\\injection-tokens.ts","statementMap":{"0":{"start":{"line":2,"column":13},"end":{"line":2,"column":null}},"1":{"start":{"line":3,"column":13},"end":{"line":3,"column":null}},"2":{"start":{"line":4,"column":13},"end":{"line":4,"column":null}},"3":{"start":{"line":5,"column":13},"end":{"line":5,"column":null}}},"fnMap":{},"branchMap":{},"s":{"0":2,"1":2,"2":2,"3":2},"f":{},"b":{}}
,"D:\\codes\\99.my_projects\\zap\\backend\\src\\common\\prisma\\prisma.service.ts": {"path":"D:\\codes\\99.my_projects\\zap\\backend\\src\\common\\prisma\\prisma.service.ts","statementMap":{"0":{"start":{"line":1,"column":0},"end":{"line":1,"column":74}},"1":{"start":{"line":2,"column":0},"end":{"line":2,"column":45}},"2":{"start":{"line":5,"column":7},"end":{"line":13,"column":null}},"3":{"start":{"line":7,"column":4},"end":{"line":7,"column":null}},"4":{"start":{"line":11,"column":4},"end":{"line":11,"column":null}},"5":{"start":{"line":5,"column":13},"end":{"line":5,"column":26}},"6":{"start":{"line":5,"column":13},"end":{"line":13,"column":null}}},"fnMap":{"0":{"name":"(anonymous_1)","decl":{"start":{"line":6,"column":2},"end":{"line":6,"column":7}},"loc":{"start":{"line":6,"column":20},"end":{"line":8,"column":3}}},"1":{"name":"(anonymous_2)","decl":{"start":{"line":10,"column":2},"end":{"line":10,"column":7}},"loc":{"start":{"line":10,"column":23},"end":{"line":12,"column":3}}}},"branchMap":{},"s":{"0":0,"1":0,"2":0,"3":0,"4":0,"5":0,"6":0},"f":{"0":0,"1":0},"b":{}}
,"D:\\codes\\99.my_projects\\zap\\backend\\src\\common\\utils\\id-generator.ts": {"path":"D:\\codes\\99.my_projects\\zap\\backend\\src\\common\\utils\\id-generator.ts","statementMap":{"0":{"start":{"line":7,"column":0},"end":{"line":7,"column":16}},"1":{"start":{"line":16,"column":0},"end":{"line":16,"column":16}},"2":{"start":{"line":23,"column":0},"end":{"line":23,"column":16}},"3":{"start":{"line":34,"column":0},"end":{"line":34,"column":16}},"4":{"start":{"line":1,"column":0},"end":{"line":1,"column":36}},"5":{"start":{"line":8,"column":20},"end":{"line":8,"column":43}},"6":{"start":{"line":9,"column":21},"end":{"line":9,"column":51}},"7":{"start":{"line":10,"column":2},"end":{"line":10,"column":null}},"8":{"start":{"line":17,"column":2},"end":{"line":17,"column":null}},"9":{"start":{"line":24,"column":2},"end":{"line":28,"column":null}},"10":{"start":{"line":25,"column":14},"end":{"line":25,"column":38}},"11":{"start":{"line":26,"column":14},"end":{"line":26,"column":45}},"12":{"start":{"line":27,"column":4},"end":{"line":27,"column":null}},"13":{"start":{"line":35,"column":2},"end":{"line":37,"column":3}},"14":{"start":{"line":36,"column":4},"end":{"line":36,"column":null}},"15":{"start":{"line":40,"column":26},"end":{"line":40,"column":52}},"16":{"start":{"line":41,"column":2},"end":{"line":43,"column":3}},"17":{"start":{"line":42,"column":4},"end":{"line":42,"column":null}},"18":{"start":{"line":46,"column":22},"end":{"line":46,"column":98}},"19":{"start":{"line":47,"column":2},"end":{"line":49,"column":3}},"20":{"start":{"line":48,"column":4},"end":{"line":48,"column":null}},"21":{"start":{"line":51,"column":2},"end":{"line":51,"column":null}}},"fnMap":{"0":{"name":"generateId","decl":{"start":{"line":7,"column":16},"end":{"line":7,"column":26}},"loc":{"start":{"line":7,"column":26},"end":{"line":11,"column":1}}},"1":{"name":"generateShortId","decl":{"start":{"line":16,"column":16},"end":{"line":16,"column":31}},"loc":{"start":{"line":16,"column":31},"end":{"line":18,"column":1}}},"2":{"name":"generateUUID","decl":{"start":{"line":23,"column":16},"end":{"line":23,"column":28}},"loc":{"start":{"line":23,"column":28},"end":{"line":29,"column":1}}},"3":{"name":"(anonymous_3)","decl":{"start":{"line":24,"column":65},"end":{"line":24,"column":75}},"loc":{"start":{"line":24,"column":76},"end":{"line":28,"column":3}}},"4":{"name":"isValidId","decl":{"start":{"line":34,"column":16},"end":{"line":34,"column":25}},"loc":{"start":{"line":34,"column":36},"end":{"line":52,"column":1}}}},"branchMap":{"0":{"loc":{"start":{"line":26,"column":14},"end":{"line":26,"column":45}},"type":"cond-expr","locations":[{"start":{"line":26,"column":26},"end":{"line":26,"column":27}},{"start":{"line":26,"column":30},"end":{"line":26,"column":45}}]},"1":{"loc":{"start":{"line":35,"column":2},"end":{"line":37,"column":3}},"type":"if","locations":[{"start":{"line":35,"column":2},"end":{"line":37,"column":3}}]},"2":{"loc":{"start":{"line":35,"column":6},"end":{"line":35,"column":35}},"type":"binary-expr","locations":[{"start":{"line":35,"column":6},"end":{"line":35,"column":9}},{"start":{"line":35,"column":13},"end":{"line":35,"column":35}}]},"3":{"loc":{"start":{"line":41,"column":2},"end":{"line":43,"column":3}},"type":"if","locations":[{"start":{"line":41,"column":2},"end":{"line":43,"column":3}}]},"4":{"loc":{"start":{"line":47,"column":2},"end":{"line":49,"column":3}},"type":"if","locations":[{"start":{"line":47,"column":2},"end":{"line":49,"column":3}}]}},"s":{"0":3,"1":3,"2":3,"3":3,"4":3,"5":54,"6":54,"7":54,"8":0,"9":0,"10":0,"11":0,"12":0,"13":0,"14":0,"15":0,"16":0,"17":0,"18":0,"19":0,"20":0,"21":0},"f":{"0":54,"1":0,"2":0,"3":0,"4":0},"b":{"0":[0,0],"1":[0],"2":[0,0],"3":[0],"4":[0]}}
,"D:\\codes\\99.my_projects\\zap\\backend\\src\\domain\\entities\\component.entity.ts": {"path":"D:\\codes\\99.my_projects\\zap\\backend\\src\\domain\\entities\\component.entity.ts","statementMap":{"0":{"start":{"line":1,"column":0},"end":{"line":1,"column":68}},"1":{"start":{"line":3,"column":0},"end":{"line":3,"column":60}},"2":{"start":{"line":7,"column":21},"end":{"line":7,"column":32}},"3":{"start":{"line":8,"column":21},"end":{"line":8,"column":41}},"4":{"start":{"line":9,"column":12},"end":{"line":9,"column":34}},"5":{"start":{"line":10,"column":21},"end":{"line":10,"column":37}},"6":{"start":{"line":11,"column":12},"end":{"line":11,"column":28}},"7":{"start":{"line":16,"column":27},"end":{"line":16,"column":61}},"8":{"start":{"line":18,"column":4},"end":{"line":18,"column":null}},"9":{"start":{"line":29,"column":4},"end":{"line":35,"column":null}},"10":{"start":{"line":40,"column":4},"end":{"line":40,"column":null}},"11":{"start":{"line":41,"column":4},"end":{"line":41,"column":null}},"12":{"start":{"line":46,"column":4},"end":{"line":50,"column":5}},"13":{"start":{"line":47,"column":6},"end":{"line":47,"column":null}},"14":{"start":{"line":49,"column":6},"end":{"line":49,"column":null}},"15":{"start":{"line":55,"column":4},"end":{"line":58,"column":null}},"16":{"start":{"line":63,"column":4},"end":{"line":63,"column":null}},"17":{"start":{"line":66,"column":4},"end":{"line":66,"column":null}},"18":{"start":{"line":69,"column":4},"end":{"line":69,"column":null}},"19":{"start":{"line":72,"column":4},"end":{"line":72,"column":null}},"20":{"start":{"line":75,"column":4},"end":{"line":75,"column":null}},"21":{"start":{"line":80,"column":4},"end":{"line":86,"column":null}},"22":{"start":{"line":5,"column":0},"end":{"line":5,"column":13}}},"fnMap":{"0":{"name":"(anonymous_0)","decl":{"start":{"line":6,"column":2},"end":{"line":6,"column":null}},"loc":{"start":{"line":11,"column":28},"end":{"line":12,"column":6}}},"1":{"name":"(anonymous_1)","decl":{"start":{"line":15,"column":2},"end":{"line":15,"column":8}},"loc":{"start":{"line":15,"column":63},"end":{"line":19,"column":3}}},"2":{"name":"(anonymous_2)","decl":{"start":{"line":22,"column":2},"end":{"line":22,"column":8}},"loc":{"start":{"line":28,"column":3},"end":{"line":36,"column":3}}},"3":{"name":"(anonymous_3)","decl":{"start":{"line":39,"column":2},"end":{"line":39,"column":13}},"loc":{"start":{"line":39,"column":40},"end":{"line":42,"column":3}}},"4":{"name":"(anonymous_4)","decl":{"start":{"line":45,"column":2},"end":{"line":45,"column":9}},"loc":{"start":{"line":45,"column":9},"end":{"line":51,"column":3}}},"5":{"name":"(anonymous_5)","decl":{"start":{"line":54,"column":2},"end":{"line":54,"column":17}},"loc":{"start":{"line":54,"column":17},"end":{"line":59,"column":3}}},"6":{"name":"(anonymous_6)","decl":{"start":{"line":62,"column":2},"end":{"line":62,"column":6}},"loc":{"start":{"line":62,"column":8},"end":{"line":64,"column":3}}},"7":{"name":"(anonymous_7)","decl":{"start":{"line":65,"column":2},"end":{"line":65,"column":6}},"loc":{"start":{"line":65,"column":10},"end":{"line":67,"column":3}}},"8":{"name":"(anonymous_8)","decl":{"start":{"line":68,"column":2},"end":{"line":68,"column":6}},"loc":{"start":{"line":68,"column":11},"end":{"line":70,"column":3}}},"9":{"name":"(anonymous_9)","decl":{"start":{"line":71,"column":2},"end":{"line":71,"column":6}},"loc":{"start":{"line":71,"column":15},"end":{"line":73,"column":3}}},"10":{"name":"(anonymous_10)","decl":{"start":{"line":74,"column":2},"end":{"line":74,"column":6}},"loc":{"start":{"line":74,"column":15},"end":{"line":76,"column":3}}},"11":{"name":"(anonymous_11)","decl":{"start":{"line":79,"column":2},"end":{"line":79,"column":15}},"loc":{"start":{"line":79,"column":15},"end":{"line":87,"column":3}}}},"branchMap":{},"s":{"0":3,"1":3,"2":0,"3":0,"4":0,"5":0,"6":0,"7":0,"8":0,"9":0,"10":0,"11":0,"12":0,"13":0,"14":0,"15":0,"16":0,"17":0,"18":0,"19":0,"20":0,"21":0,"22":3},"f":{"0":0,"1":0,"2":0,"3":0,"4":0,"5":0,"6":0,"7":0,"8":0,"9":0,"10":0,"11":0},"b":{}}
,"D:\\codes\\99.my_projects\\zap\\backend\\src\\domain\\entities\\page.entity.ts": {"path":"D:\\codes\\99.my_projects\\zap\\backend\\src\\domain\\entities\\page.entity.ts","statementMap":{"0":{"start":{"line":2,"column":0},"end":{"line":2,"column":60}},"1":{"start":{"line":3,"column":0},"end":{"line":3,"column":46}},"2":{"start":{"line":4,"column":0},"end":{"line":4,"column":null}},"3":{"start":{"line":13,"column":0},"end":{"line":13,"column":52}},"4":{"start":{"line":15,"column":0},"end":{"line":15,"column":60}},"5":{"start":{"line":21,"column":21},"end":{"line":21,"column":32}},"6":{"start":{"line":22,"column":21},"end":{"line":22,"column":39}},"7":{"start":{"line":23,"column":12},"end":{"line":23,"column":25}},"8":{"start":{"line":24,"column":12},"end":{"line":24,"column":25}},"9":{"start":{"line":25,"column":12},"end":{"line":25,"column":33}},"10":{"start":{"line":26,"column":12},"end":{"line":26,"column":36}},"11":{"start":{"line":27,"column":12},"end":{"line":27,"column":31}},"12":{"start":{"line":28,"column":12},"end":{"line":28,"column":33}},"13":{"start":{"line":29,"column":21},"end":{"line":29,"column":37}},"14":{"start":{"line":30,"column":12},"end":{"line":30,"column":28}},"15":{"start":{"line":18,"column":10},"end":{"line":18,"column":null}},"16":{"start":{"line":35,"column":17},"end":{"line":45,"column":null}},"17":{"start":{"line":48,"column":4},"end":{"line":48,"column":null}},"18":{"start":{"line":49,"column":4},"end":{"line":49,"column":null}},"19":{"start":{"line":65,"column":23},"end":{"line":65,"column":77}},"20":{"start":{"line":65,"column":48},"end":{"line":65,"column":76}},"21":{"start":{"line":67,"column":4},"end":{"line":78,"column":null}},"22":{"start":{"line":83,"column":4},"end":{"line":83,"column":null}},"23":{"start":{"line":84,"column":4},"end":{"line":84,"column":null}},"24":{"start":{"line":85,"column":4},"end":{"line":85,"column":null}},"25":{"start":{"line":89,"column":4},"end":{"line":89,"column":null}},"26":{"start":{"line":90,"column":4},"end":{"line":90,"column":null}},"27":{"start":{"line":91,"column":4},"end":{"line":91,"column":null}},"28":{"start":{"line":95,"column":4},"end":{"line":95,"column":null}},"29":{"start":{"line":96,"column":4},"end":{"line":96,"column":null}},"30":{"start":{"line":100,"column":4},"end":{"line":100,"column":null}},"31":{"start":{"line":101,"column":4},"end":{"line":101,"column":null}},"32":{"start":{"line":110,"column":22},"end":{"line":110,"column":60}},"33":{"start":{"line":112,"column":4},"end":{"line":116,"column":5}},"34":{"start":{"line":113,"column":6},"end":{"line":113,"column":null}},"35":{"start":{"line":115,"column":6},"end":{"line":115,"column":null}},"36":{"start":{"line":118,"column":4},"end":{"line":118,"column":null}},"37":{"start":{"line":119,"column":4},"end":{"line":119,"column":null}},"38":{"start":{"line":121,"column":4},"end":{"line":121,"column":null}},"39":{"start":{"line":125,"column":18},"end":{"line":125,"column":71}},"40":{"start":{"line":125,"column":50},"end":{"line":125,"column":70}},"41":{"start":{"line":126,"column":4},"end":{"line":128,"column":5}},"42":{"start":{"line":127,"column":6},"end":{"line":127,"column":null}},"43":{"start":{"line":130,"column":22},"end":{"line":130,"column":45}},"44":{"start":{"line":131,"column":4},"end":{"line":131,"column":null}},"45":{"start":{"line":132,"column":4},"end":{"line":132,"column":null}},"46":{"start":{"line":134,"column":4},"end":{"line":134,"column":null}},"47":{"start":{"line":138,"column":22},"end":{"line":138,"column":53}},"48":{"start":{"line":139,"column":4},"end":{"line":141,"column":5}},"49":{"start":{"line":140,"column":6},"end":{"line":140,"column":null}},"50":{"start":{"line":143,"column":4},"end":{"line":143,"column":null}},"51":{"start":{"line":144,"column":4},"end":{"line":144,"column":null}},"52":{"start":{"line":146,"column":4},"end":{"line":146,"column":null}},"53":{"start":{"line":150,"column":4},"end":{"line":150,"column":null}},"54":{"start":{"line":152,"column":32},"end":{"line":152,"column":96}},"55":{"start":{"line":152,"column":55},"end":{"line":152,"column":95}},"56":{"start":{"line":152,"column":82},"end":{"line":152,"column":93}},"57":{"start":{"line":154,"column":4},"end":{"line":154,"column":null}},"58":{"start":{"line":155,"column":4},"end":{"line":155,"column":null}},"59":{"start":{"line":157,"column":4},"end":{"line":157,"column":null}},"60":{"start":{"line":162,"column":4},"end":{"line":162,"column":null}},"61":{"start":{"line":163,"column":4},"end":{"line":163,"column":null}},"62":{"start":{"line":164,"column":4},"end":{"line":164,"column":null}},"63":{"start":{"line":166,"column":4},"end":{"line":166,"column":null}},"64":{"start":{"line":170,"column":4},"end":{"line":170,"column":null}},"65":{"start":{"line":171,"column":4},"end":{"line":171,"column":null}},"66":{"start":{"line":173,"column":4},"end":{"line":173,"column":null}},"67":{"start":{"line":178,"column":4},"end":{"line":180,"column":5}},"68":{"start":{"line":179,"column":6},"end":{"line":179,"column":null}},"69":{"start":{"line":181,"column":4},"end":{"line":183,"column":5}},"70":{"start":{"line":182,"column":6},"end":{"line":182,"column":null}},"71":{"start":{"line":187,"column":4},"end":{"line":189,"column":5}},"72":{"start":{"line":188,"column":6},"end":{"line":188,"column":null}},"73":{"start":{"line":190,"column":4},"end":{"line":192,"column":5}},"74":{"start":{"line":191,"column":6},"end":{"line":191,"column":null}},"75":{"start":{"line":193,"column":4},"end":{"line":195,"column":5}},"76":{"start":{"line":194,"column":6},"end":{"line":194,"column":null}},"77":{"start":{"line":199,"column":4},"end":{"line":201,"column":5}},"78":{"start":{"line":200,"column":6},"end":{"line":200,"column":null}},"79":{"start":{"line":205,"column":4},"end":{"line":205,"column":null}},"80":{"start":{"line":205,"column":38},"end":{"line":205,"column":58}},"81":{"start":{"line":209,"column":4},"end":{"line":211,"column":5}},"82":{"start":{"line":210,"column":6},"end":{"line":210,"column":null}},"83":{"start":{"line":213,"column":23},"end":{"line":213,"column":54}},"84":{"start":{"line":213,"column":49},"end":{"line":213,"column":53}},"85":{"start":{"line":214,"column":23},"end":{"line":214,"column":74}},"86":{"start":{"line":214,"column":47},"end":{"line":214,"column":73}},"87":{"start":{"line":216,"column":4},"end":{"line":218,"column":5}},"88":{"start":{"line":217,"column":6},"end":{"line":217,"column":null}},"89":{"start":{"line":223,"column":4},"end":{"line":223,"column":null}},"90":{"start":{"line":226,"column":4},"end":{"line":226,"column":null}},"91":{"start":{"line":229,"column":4},"end":{"line":229,"column":null}},"92":{"start":{"line":232,"column":4},"end":{"line":232,"column":null}},"93":{"start":{"line":235,"column":4},"end":{"line":235,"column":null}},"94":{"start":{"line":238,"column":4},"end":{"line":238,"column":null}},"95":{"start":{"line":241,"column":4},"end":{"line":241,"column":null}},"96":{"start":{"line":244,"column":4},"end":{"line":244,"column":null}},"97":{"start":{"line":247,"column":4},"end":{"line":247,"column":null}},"98":{"start":{"line":250,"column":4},"end":{"line":250,"column":null}},"99":{"start":{"line":255,"column":4},"end":{"line":255,"column":null}},"100":{"start":{"line":259,"column":4},"end":{"line":259,"column":null}},"101":{"start":{"line":263,"column":4},"end":{"line":263,"column":null}},"102":{"start":{"line":268,"column":4},"end":{"line":279,"column":null}},"103":{"start":{"line":274,"column":44},"end":{"line":274,"column":61}},"104":{"start":{"line":17,"column":0},"end":{"line":17,"column":13}}},"fnMap":{"0":{"name":"(anonymous_0)","decl":{"start":{"line":20,"column":2},"end":{"line":20,"column":null}},"loc":{"start":{"line":30,"column":28},"end":{"line":31,"column":6}}},"1":{"name":"(anonymous_1)","decl":{"start":{"line":34,"column":2},"end":{"line":34,"column":8}},"loc":{"start":{"line":34,"column":87},"end":{"line":50,"column":3}}},"2":{"name":"(anonymous_2)","decl":{"start":{"line":53,"column":2},"end":{"line":53,"column":8}},"loc":{"start":{"line":64,"column":3},"end":{"line":79,"column":3}}},"3":{"name":"(anonymous_3)","decl":{"start":{"line":65,"column":43},"end":{"line":65,"column":44}},"loc":{"start":{"line":65,"column":48},"end":{"line":65,"column":76}}},"4":{"name":"(anonymous_4)","decl":{"start":{"line":82,"column":2},"end":{"line":82,"column":12}},"loc":{"start":{"line":82,"column":25},"end":{"line":86,"column":3}}},"5":{"name":"(anonymous_5)","decl":{"start":{"line":88,"column":2},"end":{"line":88,"column":12}},"loc":{"start":{"line":88,"column":25},"end":{"line":92,"column":3}}},"6":{"name":"(anonymous_6)","decl":{"start":{"line":94,"column":2},"end":{"line":94,"column":13}},"loc":{"start":{"line":94,"column":34},"end":{"line":97,"column":3}}},"7":{"name":"(anonymous_7)","decl":{"start":{"line":99,"column":2},"end":{"line":99,"column":14}},"loc":{"start":{"line":99,"column":33},"end":{"line":102,"column":3}}},"8":{"name":"(anonymous_8)","decl":{"start":{"line":105,"column":2},"end":{"line":105,"column":14}},"loc":{"start":{"line":108,"column":21},"end":{"line":122,"column":3}}},"9":{"name":"(anonymous_9)","decl":{"start":{"line":124,"column":2},"end":{"line":124,"column":17}},"loc":{"start":{"line":124,"column":37},"end":{"line":135,"column":3}}},"10":{"name":"(anonymous_10)","decl":{"start":{"line":125,"column":45},"end":{"line":125,"column":46}},"loc":{"start":{"line":125,"column":50},"end":{"line":125,"column":70}}},"11":{"name":"(anonymous_11)","decl":{"start":{"line":137,"column":2},"end":{"line":137,"column":17}},"loc":{"start":{"line":137,"column":65},"end":{"line":147,"column":3}}},"12":{"name":"(anonymous_12)","decl":{"start":{"line":149,"column":2},"end":{"line":149,"column":19}},"loc":{"start":{"line":149,"column":42},"end":{"line":158,"column":3}}},"13":{"name":"(anonymous_13)","decl":{"start":{"line":152,"column":49},"end":{"line":152,"column":51}},"loc":{"start":{"line":152,"column":55},"end":{"line":152,"column":95}}},"14":{"name":"(anonymous_14)","decl":{"start":{"line":152,"column":77},"end":{"line":152,"column":78}},"loc":{"start":{"line":152,"column":82},"end":{"line":152,"column":93}}},"15":{"name":"(anonymous_15)","decl":{"start":{"line":161,"column":2},"end":{"line":161,"column":9}},"loc":{"start":{"line":161,"column":9},"end":{"line":167,"column":3}}},"16":{"name":"(anonymous_16)","decl":{"start":{"line":169,"column":2},"end":{"line":169,"column":11}},"loc":{"start":{"line":169,"column":11},"end":{"line":174,"column":3}}},"17":{"name":"(anonymous_17)","decl":{"start":{"line":177,"column":10},"end":{"line":177,"column":22}},"loc":{"start":{"line":177,"column":35},"end":{"line":184,"column":3}}},"18":{"name":"(anonymous_18)","decl":{"start":{"line":186,"column":10},"end":{"line":186,"column":22}},"loc":{"start":{"line":186,"column":35},"end":{"line":196,"column":3}}},"19":{"name":"(anonymous_19)","decl":{"start":{"line":198,"column":10},"end":{"line":198,"column":28}},"loc":{"start":{"line":198,"column":28},"end":{"line":202,"column":3}}},"20":{"name":"(anonymous_20)","decl":{"start":{"line":204,"column":10},"end":{"line":204,"column":23}},"loc":{"start":{"line":204,"column":43},"end":{"line":206,"column":3}}},"21":{"name":"(anonymous_21)","decl":{"start":{"line":205,"column":33},"end":{"line":205,"column":34}},"loc":{"start":{"line":205,"column":38},"end":{"line":205,"column":58}}},"22":{"name":"(anonymous_22)","decl":{"start":{"line":208,"column":10},"end":{"line":208,"column":32}},"loc":{"start":{"line":208,"column":55},"end":{"line":219,"column":3}}},"23":{"name":"(anonymous_23)","decl":{"start":{"line":213,"column":44},"end":{"line":213,"column":45}},"loc":{"start":{"line":213,"column":49},"end":{"line":213,"column":53}}},"24":{"name":"(anonymous_24)","decl":{"start":{"line":214,"column":41},"end":{"line":214,"column":43}},"loc":{"start":{"line":214,"column":47},"end":{"line":214,"column":73}}},"25":{"name":"(anonymous_25)","decl":{"start":{"line":222,"column":2},"end":{"line":222,"column":6}},"loc":{"start":{"line":222,"column":8},"end":{"line":224,"column":3}}},"26":{"name":"(anonymous_26)","decl":{"start":{"line":225,"column":2},"end":{"line":225,"column":6}},"loc":{"start":{"line":225,"column":15},"end":{"line":227,"column":3}}},"27":{"name":"(anonymous_27)","decl":{"start":{"line":228,"column":2},"end":{"line":228,"column":6}},"loc":{"start":{"line":228,"column":10},"end":{"line":230,"column":3}}},"28":{"name":"(anonymous_28)","decl":{"start":{"line":231,"column":2},"end":{"line":231,"column":6}},"loc":{"start":{"line":231,"column":10},"end":{"line":233,"column":3}}},"29":{"name":"(anonymous_29)","decl":{"start":{"line":234,"column":2},"end":{"line":234,"column":6}},"loc":{"start":{"line":234,"column":11},"end":{"line":236,"column":3}}},"30":{"name":"(anonymous_30)","decl":{"start":{"line":237,"column":2},"end":{"line":237,"column":6}},"loc":{"start":{"line":237,"column":16},"end":{"line":239,"column":3}}},"31":{"name":"(anonymous_31)","decl":{"start":{"line":240,"column":2},"end":{"line":240,"column":6}},"loc":{"start":{"line":240,"column":12},"end":{"line":242,"column":3}}},"32":{"name":"(anonymous_32)","decl":{"start":{"line":243,"column":2},"end":{"line":243,"column":6}},"loc":{"start":{"line":243,"column":17},"end":{"line":245,"column":3}}},"33":{"name":"(anonymous_33)","decl":{"start":{"line":246,"column":2},"end":{"line":246,"column":6}},"loc":{"start":{"line":246,"column":15},"end":{"line":248,"column":3}}},"34":{"name":"(anonymous_34)","decl":{"start":{"line":249,"column":2},"end":{"line":249,"column":6}},"loc":{"start":{"line":249,"column":15},"end":{"line":251,"column":3}}},"35":{"name":"(anonymous_35)","decl":{"start":{"line":254,"column":2},"end":{"line":254,"column":16}},"loc":{"start":{"line":254,"column":35},"end":{"line":256,"column":3}}},"36":{"name":"(anonymous_36)","decl":{"start":{"line":258,"column":2},"end":{"line":258,"column":19}},"loc":{"start":{"line":258,"column":19},"end":{"line":260,"column":3}}},"37":{"name":"(anonymous_37)","decl":{"start":{"line":262,"column":2},"end":{"line":262,"column":6}},"loc":{"start":{"line":262,"column":18},"end":{"line":264,"column":3}}},"38":{"name":"(anonymous_38)","decl":{"start":{"line":267,"column":2},"end":{"line":267,"column":15}},"loc":{"start":{"line":267,"column":15},"end":{"line":280,"column":3}}},"39":{"name":"(anonymous_39)","decl":{"start":{"line":274,"column":39},"end":{"line":274,"column":40}},"loc":{"start":{"line":274,"column":44},"end":{"line":274,"column":61}}}},"branchMap":{"0":{"loc":{"start":{"line":40,"column":6},"end":{"line":40,"column":24}},"type":"binary-expr","locations":[{"start":{"line":40,"column":6},"end":{"line":40,"column":16}},{"start":{"line":40,"column":20},"end":{"line":40,"column":24}}]},"1":{"loc":{"start":{"line":112,"column":4},"end":{"line":116,"column":5}},"type":"if","locations":[{"start":{"line":112,"column":4},"end":{"line":116,"column":5}},{"start":{"line":114,"column":11},"end":{"line":116,"column":5}}]},"2":{"loc":{"start":{"line":112,"column":8},"end":{"line":112,"column":86}},"type":"binary-expr","locations":[{"start":{"line":112,"column":8},"end":{"line":112,"column":30}},{"start":{"line":112,"column":34},"end":{"line":112,"column":47}},{"start":{"line":112,"column":51},"end":{"line":112,"column":86}}]},"3":{"loc":{"start":{"line":126,"column":4},"end":{"line":128,"column":5}},"type":"if","locations":[{"start":{"line":126,"column":4},"end":{"line":128,"column":5}}]},"4":{"loc":{"start":{"line":139,"column":4},"end":{"line":141,"column":5}},"type":"if","locations":[{"start":{"line":139,"column":4},"end":{"line":141,"column":5}}]},"5":{"loc":{"start":{"line":178,"column":4},"end":{"line":180,"column":5}},"type":"if","locations":[{"start":{"line":178,"column":4},"end":{"line":180,"column":5}}]},"6":{"loc":{"start":{"line":178,"column":8},"end":{"line":178,"column":41}},"type":"binary-expr","locations":[{"start":{"line":178,"column":8},"end":{"line":178,"column":13}},{"start":{"line":178,"column":17},"end":{"line":178,"column":41}}]},"7":{"loc":{"start":{"line":181,"column":4},"end":{"line":183,"column":5}},"type":"if","locations":[{"start":{"line":181,"column":4},"end":{"line":183,"column":5}}]},"8":{"loc":{"start":{"line":187,"column":4},"end":{"line":189,"column":5}},"type":"if","locations":[{"start":{"line":187,"column":4},"end":{"line":189,"column":5}}]},"9":{"loc":{"start":{"line":187,"column":8},"end":{"line":187,"column":41}},"type":"binary-expr","locations":[{"start":{"line":187,"column":8},"end":{"line":187,"column":13}},{"start":{"line":187,"column":17},"end":{"line":187,"column":41}}]},"10":{"loc":{"start":{"line":190,"column":4},"end":{"line":192,"column":5}},"type":"if","locations":[{"start":{"line":190,"column":4},"end":{"line":192,"column":5}}]},"11":{"loc":{"start":{"line":193,"column":4},"end":{"line":195,"column":5}},"type":"if","locations":[{"start":{"line":193,"column":4},"end":{"line":195,"column":5}}]},"12":{"loc":{"start":{"line":199,"column":4},"end":{"line":201,"column":5}},"type":"if","locations":[{"start":{"line":199,"column":4},"end":{"line":201,"column":5}}]},"13":{"loc":{"start":{"line":209,"column":4},"end":{"line":211,"column":5}},"type":"if","locations":[{"start":{"line":209,"column":4},"end":{"line":211,"column":5}}]},"14":{"loc":{"start":{"line":216,"column":4},"end":{"line":218,"column":5}},"type":"if","locations":[{"start":{"line":216,"column":4},"end":{"line":218,"column":5}}]}},"s":{"0":3,"1":3,"2":3,"3":3,"4":3,"5":6,"6":6,"7":6,"8":6,"9":6,"10":6,"11":6,"12":6,"13":6,"14":6,"15":6,"16":6,"17":6,"18":6,"19":0,"20":0,"21":0,"22":0,"23":0,"24":0,"25":0,"26":0,"27":0,"28":0,"29":0,"30":0,"31":0,"32":0,"33":0,"34":0,"35":0,"36":0,"37":0,"38":0,"39":0,"40":0,"41":0,"42":0,"43":0,"44":0,"45":0,"46":0,"47":0,"48":0,"49":0,"50":0,"51":0,"52":0,"53":0,"54":0,"55":0,"56":0,"57":0,"58":0,"59":0,"60":2,"61":2,"62":2,"63":2,"64":0,"65":0,"66":0,"67":0,"68":0,"69":0,"70":0,"71":0,"72":0,"73":0,"74":0,"75":0,"76":0,"77":2,"78":0,"79":0,"80":0,"81":0,"82":0,"83":0,"84":0,"85":0,"86":0,"87":0,"88":0,"89":15,"90":0,"91":1,"92":2,"93":0,"94":0,"95":0,"96":3,"97":0,"98":0,"99":8,"100":0,"101":0,"102":0,"103":0,"104":3},"f":{"0":6,"1":6,"2":0,"3":0,"4":0,"5":0,"6":0,"7":0,"8":0,"9":0,"10":0,"11":0,"12":0,"13":0,"14":0,"15":2,"16":0,"17":0,"18":0,"19":2,"20":0,"21":0,"22":0,"23":0,"24":0,"25":15,"26":0,"27":1,"28":2,"29":0,"30":0,"31":0,"32":3,"33":0,"34":0,"35":8,"36":0,"37":0,"38":0,"39":0},"b":{"0":[6,5],"1":[0,0],"2":[0,0,0],"3":[0],"4":[0],"5":[0],"6":[0,0],"7":[0],"8":[0],"9":[0,0],"10":[0],"11":[0],"12":[0],"13":[0],"14":[0]}}
,"D:\\codes\\99.my_projects\\zap\\backend\\src\\domain\\entities\\project.entity.ts": {"path":"D:\\codes\\99.my_projects\\zap\\backend\\src\\domain\\entities\\project.entity.ts","statementMap":{"0":{"start":{"line":2,"column":0},"end":{"line":2,"column":66}},"1":{"start":{"line":3,"column":0},"end":{"line":3,"column":36}},"2":{"start":{"line":4,"column":0},"end":{"line":4,"column":null}},"3":{"start":{"line":10,"column":0},"end":{"line":10,"column":52}},"4":{"start":{"line":11,"column":0},"end":{"line":11,"column":60}},"5":{"start":{"line":12,"column":0},"end":{"line":12,"column":26}},"6":{"start":{"line":14,"column":32},"end":{"line":12,"column":69}},"7":{"start":{"line":20,"column":21},"end":{"line":20,"column":32}},"8":{"start":{"line":21,"column":12},"end":{"line":21,"column":25}},"9":{"start":{"line":22,"column":12},"end":{"line":22,"column":39}},"10":{"start":{"line":23,"column":21},"end":{"line":23,"column":36}},"11":{"start":{"line":24,"column":12},"end":{"line":24,"column":40}},"12":{"start":{"line":25,"column":12},"end":{"line":25,"column":34}},"13":{"start":{"line":26,"column":21},"end":{"line":26,"column":37}},"14":{"start":{"line":27,"column":12},"end":{"line":27,"column":28}},"15":{"start":{"line":28,"column":12},"end":{"line":28,"column":29}},"16":{"start":{"line":17,"column":10},"end":{"line":17,"column":null}},"17":{"start":{"line":38,"column":20},"end":{"line":46,"column":null}},"18":{"start":{"line":50,"column":4},"end":{"line":50,"column":null}},"19":{"start":{"line":51,"column":4},"end":{"line":51,"column":null}},"20":{"start":{"line":66,"column":4},"end":{"line":76,"column":null}},"21":{"start":{"line":81,"column":4},"end":{"line":81,"column":null}},"22":{"start":{"line":82,"column":20},"end":{"line":82,"column":30}},"23":{"start":{"line":83,"column":4},"end":{"line":83,"column":null}},"24":{"start":{"line":84,"column":4},"end":{"line":84,"column":null}},"25":{"start":{"line":86,"column":4},"end":{"line":86,"column":null}},"26":{"start":{"line":90,"column":4},"end":{"line":90,"column":null}},"27":{"start":{"line":91,"column":4},"end":{"line":91,"column":null}},"28":{"start":{"line":95,"column":4},"end":{"line":95,"column":null}},"29":{"start":{"line":96,"column":4},"end":{"line":96,"column":null}},"30":{"start":{"line":100,"column":4},"end":{"line":100,"column":null}},"31":{"start":{"line":102,"column":17},"end":{"line":105,"column":6}},"32":{"start":{"line":107,"column":4},"end":{"line":107,"column":null}},"33":{"start":{"line":108,"column":4},"end":{"line":108,"column":null}},"34":{"start":{"line":110,"column":4},"end":{"line":110,"column":null}},"35":{"start":{"line":111,"column":4},"end":{"line":111,"column":null}},"36":{"start":{"line":115,"column":22},"end":{"line":115,"column":65}},"37":{"start":{"line":115,"column":49},"end":{"line":115,"column":64}},"38":{"start":{"line":116,"column":4},"end":{"line":118,"column":5}},"39":{"start":{"line":117,"column":6},"end":{"line":117,"column":null}},"40":{"start":{"line":120,"column":4},"end":{"line":120,"column":null}},"41":{"start":{"line":121,"column":4},"end":{"line":121,"column":null}},"42":{"start":{"line":125,"column":4},"end":{"line":125,"column":null}},"43":{"start":{"line":126,"column":4},"end":{"line":126,"column":null}},"44":{"start":{"line":127,"column":4},"end":{"line":127,"column":null}},"45":{"start":{"line":129,"column":4},"end":{"line":129,"column":null}},"46":{"start":{"line":133,"column":4},"end":{"line":133,"column":null}},"47":{"start":{"line":134,"column":4},"end":{"line":134,"column":null}},"48":{"start":{"line":139,"column":4},"end":{"line":141,"column":5}},"49":{"start":{"line":140,"column":6},"end":{"line":140,"column":null}},"50":{"start":{"line":142,"column":4},"end":{"line":144,"column":5}},"51":{"start":{"line":143,"column":6},"end":{"line":143,"column":null}},"52":{"start":{"line":148,"column":26},"end":{"line":148,"column":54}},"53":{"start":{"line":148,"column":47},"end":{"line":148,"column":53}},"54":{"start":{"line":149,"column":4},"end":{"line":151,"column":5}},"55":{"start":{"line":150,"column":6},"end":{"line":150,"column":null}},"56":{"start":{"line":155,"column":4},"end":{"line":157,"column":5}},"57":{"start":{"line":156,"column":6},"end":{"line":156,"column":null}},"58":{"start":{"line":158,"column":4},"end":{"line":160,"column":5}},"59":{"start":{"line":158,"column":31},"end":{"line":158,"column":44}},"60":{"start":{"line":159,"column":6},"end":{"line":159,"column":null}},"61":{"start":{"line":165,"column":4},"end":{"line":165,"column":null}},"62":{"start":{"line":168,"column":4},"end":{"line":168,"column":null}},"63":{"start":{"line":171,"column":4},"end":{"line":171,"column":null}},"64":{"start":{"line":174,"column":4},"end":{"line":174,"column":null}},"65":{"start":{"line":177,"column":4},"end":{"line":177,"column":null}},"66":{"start":{"line":180,"column":4},"end":{"line":180,"column":null}},"67":{"start":{"line":183,"column":4},"end":{"line":183,"column":null}},"68":{"start":{"line":186,"column":4},"end":{"line":186,"column":null}},"69":{"start":{"line":189,"column":4},"end":{"line":189,"column":null}},"70":{"start":{"line":194,"column":4},"end":{"line":194,"column":null}},"71":{"start":{"line":198,"column":4},"end":{"line":198,"column":null}},"72":{"start":{"line":202,"column":4},"end":{"line":202,"column":null}},"73":{"start":{"line":207,"column":4},"end":{"line":216,"column":null}},"74":{"start":{"line":16,"column":0},"end":{"line":16,"column":13}}},"fnMap":{"0":{"name":"(anonymous_0)","decl":{"start":{"line":14,"column":32},"end":{"line":14,"column":45}},"loc":{"start":{"line":14,"column":32},"end":{"line":12,"column":69}}},"1":{"name":"(anonymous_1)","decl":{"start":{"line":19,"column":2},"end":{"line":19,"column":null}},"loc":{"start":{"line":28,"column":31},"end":{"line":29,"column":6}}},"2":{"name":"(anonymous_2)","decl":{"start":{"line":32,"column":2},"end":{"line":32,"column":8}},"loc":{"start":{"line":37,"column":3},"end":{"line":52,"column":3}}},"3":{"name":"(anonymous_3)","decl":{"start":{"line":55,"column":2},"end":{"line":55,"column":8}},"loc":{"start":{"line":65,"column":3},"end":{"line":77,"column":3}}},"4":{"name":"(anonymous_4)","decl":{"start":{"line":80,"column":2},"end":{"line":80,"column":12}},"loc":{"start":{"line":80,"column":25},"end":{"line":87,"column":3}}},"5":{"name":"(anonymous_5)","decl":{"start":{"line":89,"column":2},"end":{"line":89,"column":19}},"loc":{"start":{"line":89,"column":46},"end":{"line":92,"column":3}}},"6":{"name":"(anonymous_6)","decl":{"start":{"line":94,"column":2},"end":{"line":94,"column":14}},"loc":{"start":{"line":94,"column":36},"end":{"line":97,"column":3}}},"7":{"name":"(anonymous_7)","decl":{"start":{"line":99,"column":2},"end":{"line":99,"column":9}},"loc":{"start":{"line":99,"column":66},"end":{"line":112,"column":3}}},"8":{"name":"(anonymous_8)","decl":{"start":{"line":114,"column":2},"end":{"line":114,"column":12}},"loc":{"start":{"line":114,"column":27},"end":{"line":122,"column":3}}},"9":{"name":"(anonymous_9)","decl":{"start":{"line":115,"column":44},"end":{"line":115,"column":45}},"loc":{"start":{"line":115,"column":49},"end":{"line":115,"column":64}}},"10":{"name":"(anonymous_10)","decl":{"start":{"line":124,"column":2},"end":{"line":124,"column":9}},"loc":{"start":{"line":124,"column":9},"end":{"line":130,"column":3}}},"11":{"name":"(anonymous_11)","decl":{"start":{"line":132,"column":2},"end":{"line":132,"column":9}},"loc":{"start":{"line":132,"column":9},"end":{"line":135,"column":3}}},"12":{"name":"(anonymous_12)","decl":{"start":{"line":138,"column":10},"end":{"line":138,"column":22}},"loc":{"start":{"line":138,"column":35},"end":{"line":145,"column":3}}},"13":{"name":"(anonymous_13)","decl":{"start":{"line":147,"column":10},"end":{"line":147,"column":26}},"loc":{"start":{"line":147,"column":39},"end":{"line":152,"column":3}}},"14":{"name":"(anonymous_14)","decl":{"start":{"line":148,"column":42},"end":{"line":148,"column":43}},"loc":{"start":{"line":148,"column":47},"end":{"line":148,"column":53}}},"15":{"name":"(anonymous_15)","decl":{"start":{"line":154,"column":10},"end":{"line":154,"column":28}},"loc":{"start":{"line":154,"column":28},"end":{"line":161,"column":3}}},"16":{"name":"(anonymous_16)","decl":{"start":{"line":158,"column":26},"end":{"line":158,"column":27}},"loc":{"start":{"line":158,"column":31},"end":{"line":158,"column":44}
[...]
,"D:\\codes\\99.my_projects\\zap\\backend\\src\\modules\\pages\\pages.module.ts": {"path":"D:\\codes\\99.my_projects\\zap\\backend\\src\\modules\\pages\\pages.module.ts","statementMap":{"0":{"start":{"line":1,"column":0},"end":{"line":1,"column":39}},"1":{"start":{"line":2,"column":0},"end":{"line":2,"column":52}},"2":{"start":{"line":3,"column":0},"end":{"line":3,"column":72}},"3":{"start":{"line":9,"column":7},"end":{"line":9,"column":null}},"4":{"start":{"line":9,"column":13},"end":{"line":9,"column":24}},"5":{"start":{"line":9,"column":13},"end":{"line":9,"column":null}}},"fnMap":{},"branchMap":{},"s":{"0":0,"1":0,"2":0,"3":0,"4":0,"5":0},"f":{},"b":{}}
,"D:\\codes\\99.my_projects\\zap\\backend\\src\\modules\\pages\\dto\\page.dto.ts": {"path":"D:\\codes\\99.my_projects\\zap\\backend\\src\\modules\\pages\\dto\\page.dto.ts","statementMap":{"0":{"start":{"line":1,"column":0},"end":{"line":1,"column":null}},"1":{"start":{"line":10,"column":0},"end":{"line":10,"column":66}},"2":{"start":{"line":13,"column":0},"end":{"line":13,"column":13}},"3":{"start":{"line":22,"column":2},"end":{"line":22,"column":null}},"4":{"start":{"line":32,"column":2},"end":{"line":32,"column":null}},"5":{"start":{"line":42,"column":2},"end":{"line":42,"column":null}},"6":{"start":{"line":49,"column":2},"end":{"line":49,"column":null}},"7":{"start":{"line":52,"column":0},"end":{"line":52,"column":13}},"8":{"start":{"line":60,"column":2},"end":{"line":60,"column":null}},"9":{"start":{"line":69,"column":2},"end":{"line":69,"column":null}},"10":{"start":{"line":78,"column":2},"end":{"line":78,"column":null}},"11":{"start":{"line":85,"column":2},"end":{"line":85,"column":null}},"12":{"start":{"line":88,"column":0},"end":{"line":88,"column":13}},"13":{"start":{"line":96,"column":2},"end":{"line":96,"column":null}},"14":{"start":{"line":103,"column":2},"end":{"line":103,"column":null}},"15":{"start":{"line":111,"column":2},"end":{"line":111,"column":null}},"16":{"start":{"line":114,"column":0},"end":{"line":114,"column":13}},"17":{"start":{"line":120,"column":2},"end":{"line":120,"column":null}},"18":{"start":{"line":123,"column":0},"end":{"line":123,"column":13}},"19":{"start":{"line":130,"column":2},"end":{"line":130,"column":null}},"20":{"start":{"line":140,"column":2},"end":{"line":140,"column":null}},"21":{"start":{"line":148,"column":2},"end":{"line":148,"column":null}},"22":{"start":{"line":162,"column":2},"end":{"line":162,"column":null}},"23":{"start":{"line":133,"column":0},"end":{"line":133,"column":13}},"24":{"start":{"line":155,"column":2},"end":{"line":155,"column":null}}},"fnMap":{"0":{"name":"(anonymous_2)","decl":{"start":{"line":133,"column":0},"end":{"line":133,"column":13}},"loc":{"start":{"line":133,"column":0},"end":{"line":163,"column":1}}}},"branchMap":{},"s":{"0":0,"1":0,"2":0,"3":0,"4":0,"5":0,"6":0,"7":0,"8":0,"9":0,"10":0,"11":0,"12":0,"13":0,"14":0,"15":0,"16":0,"17":0,"18":0,"19":0,"20":0,"21":0,"22":0,"23":0,"24":0},"f":{"0":0},"b":{}}
,"D:\\codes\\99.my_projects\\zap\\backend\\src\\modules\\projects\\projects.controller.ts": {"path":"D:\\codes\\99.my_projects\\zap\\backend\\src\\modules\\projects\\projects.controller.ts","statementMap":{"0":{"start":{"line":1,"column":0},"end":{"line":1,"column":null}},"1":{"start":{"line":15,"column":0},"end":{"line":15,"column":83}},"2":{"start":{"line":16,"column":0},"end":{"line":16,"column":60}},"3":{"start":{"line":17,"column":0},"end":{"line":17,"column":98}},"4":{"start":{"line":18,"column":0},"end":{"line":18,"column":90}},"5":{"start":{"line":25,"column":7},"end":{"line":208,"column":null}},"6":{"start":{"line":26,"column":31},"end":{"line":26,"column":58}},"7":{"start":{"line":33,"column":19},"end":{"line":36,"column":6}},"8":{"start":{"line":38,"column":4},"end":{"line":40,"column":5}},"9":{"start":{"line":39,"column":6},"end":{"line":39,"column":null}},"10":{"start":{"line":42,"column":4},"end":{"line":45,"column":null}},"11":{"start":{"line":52,"column":19},"end":{"line":58,"column":6}},"12":{"start":{"line":60,"column":4},"end":{"line":62,"column":5}},"13":{"start":{"line":61,"column":6},"end":{"line":61,"column":null}},"14":{"start":{"line":64,"column":4},"end":{"line":67,"column":null}},"15":{"start":{"line":74,"column":19},"end":{"line":76,"column":6}},"16":{"start":{"line":78,"column":4},"end":{"line":80,"column":5}},"17":{"start":{"line":79,"column":6},"end":{"line":79,"column":null}},"18":{"start":{"line":82,"column":4},"end":{"line":85,"column":null}},"19":{"start":{"line":92,"column":19},"end":{"line":95,"column":6}},"20":{"start":{"line":97,"column":4},"end":{"line":99,"column":5}},"21":{"start":{"line":98,"column":6},"end":{"line":98,"column":null}},"22":{"start":{"line":101,"column":4},"end":{"line":104,"column":null}},"23":{"start":{"line":112,"column":19},"end":{"line":115,"column":6}},"24":{"start":{"line":117,"column":4},"end":{"line":122,"column":5}},"25":{"start":{"line":118,"column":21},"end":{"line":120,"column":32}},"26":{"start":{"line":121,"column":6},"end":{"line":121,"column":null}},"27":{"start":{"line":124,"column":4},"end":{"line":135,"column":null}},"28":{"start":{"line":147,"column":19},"end":{"line":151,"column":6}},"29":{"start":{"line":153,"column":4},"end":{"line":158,"column":5}},"30":{"start":{"line":154,"column":21},"end":{"line":156,"column":32}},"31":{"start":{"line":157,"column":6},"end":{"line":157,"column":null}},"32":{"start":{"line":160,"column":4},"end":{"line":162,"column":null}},"33":{"start":{"line":170,"column":19},"end":{"line":173,"column":6}},"34":{"start":{"line":175,"column":4},"end":{"line":180,"column":5}},"35":{"start":{"line":176,"column":21},"end":{"line":178,"column":32}},"36":{"start":{"line":179,"column":6},"end":{"line":179,"column":null}},"37":{"start":{"line":182,"column":4},"end":{"line":184,"column":null}},"38":{"start":{"line":192,"column":19},"end":{"line":195,"column":6}},"39":{"start":{"line":197,"column":4},"end":{"line":202,"column":5}},"40":{"start":{"line":198,"column":21},"end":{"line":200,"column":32}},"41":{"start":{"line":201,"column":6},"end":{"line":201,"column":null}},"42":{"start":{"line":204,"column":4},"end":{"line":206,"column":null}},"43":{"start":{"line":25,"column":13},"end":{"line":25,"column":31}},"44":{"start":{"line":32,"column":8},"end":{"line":46,"column":null}},"45":{"start":{"line":51,"column":8},"end":{"line":68,"column":null}},"46":{"start":{"line":73,"column":8},"end":{"line":86,"column":null}},"47":{"start":{"line":91,"column":8},"end":{"line":105,"column":null}},"48":{"start":{"line":111,"column":8},"end":{"line":136,"column":null}},"49":{"start":{"line":142,"column":8},"end":{"line":163,"column":null}},"50":{"start":{"line":169,"column":8},"end":{"line":185,"column":null}},"51":{"start":{"line":191,"column":8},"end":{"line":207,"column":null}},"52":{"start":{"line":25,"column":13},"end":{"line":208,"column":null}}},"fnMap":{"0":{"name":"(anonymous_4)","decl":{"start":{"line":26,"column":2},"end":{"line":26,"column":31}},"loc":{"start":{"line":26,"column":83},"end":{"line":26,"column":87}}},"1":{"name":"(anonymous_5)","decl":{"start":{"line":32,"column":2},"end":{"line":32,"column":7}},"loc":{"start":{"line":32,"column":80},"end":{"line":46,"column":3}}},"2":{"name":"(anonymous_6)","decl":{"start":{"line":51,"column":2},"end":{"line":51,"column":7}},"loc":{"start":{"line":51,"column":74},"end":{"line":68,"column":3}}},"3":{"name":"(anonymous_7)","decl":{"start":{"line":73,"column":2},"end":{"line":73,"column":7}},"loc":{"start":{"line":73,"column":38},"end":{"line":86,"column":3}}},"4":{"name":"(anonymous_8)","decl":{"start":{"line":91,"column":2},"end":{"line":91,"column":7}},"loc":{"start":{"line":91,"column":73},"end":{"line":105,"column":3}}},"5":{"name":"(anonymous_9)","decl":{"start":{"line":111,"column":2},"end":{"line":111,"column":7}},"loc":{"start":{"line":111,"column":58},"end":{"line":136,"column":3}}},"6":{"name":"(anonymous_10)","decl":{"start":{"line":142,"column":2},"end":{"line":142,"column":7}},"loc":{"start":{"line":145,"column":18},"end":{"line":163,"column":3}}},"7":{"name":"(anonymous_11)","decl":{"start":{"line":169,"column":2},"end":{"line":169,"column":7}},"loc":{"start":{"line":169,"column":62},"end":{"line":185,"column":3}}},"8":{"name":"(anonymous_12)","decl":{"start":{"line":191,"column":2},"end":{"line":191,"column":7}},"loc":{"start":{"line":191,"column":61},"end":{"line":207,"column":3}}}},"branchMap":{"0":{"loc":{"start":{"line":38,"column":4},"end":{"line":40,"column":5}},"type":"if","locations":[{"start":{"line":38,"column":4},"end":{"line":40,"column":5}}]},"1":{"loc":{"start":{"line":54,"column":12},"end":{"line":54,"column":35}},"type":"binary-expr","locations":[{"start":{"line":54,"column":12},"end":{"line":54,"column":30}},{"start":{"line":54,"column":34},"end":{"line":54,"column":35}}]},"2":{"loc":{"start":{"line":55,"column":13},"end":{"line":55,"column":38}},"type":"binary-expr","locations":[{"start":{"line":55,"column":13},"end":{"line":55,"column":32}},{"start":{"line":55,"column":36},"end":{"line":55,"column":38}}]},"3":{"loc":{"start":{"line":60,"column":4},"end":{"line":62,"column":5}},"type":"if","locations":[{"start":{"line":60,"column":4},"end":{"line":62,"column":5}}]},"4":{"loc":{"start":{"line":78,"column":4},"end":{"line":80,"column":5}},"type":"if","locations":[{"start":{"line":78,"column":4},"end":{"line":80,"column":5}}]},"5":{"loc":{"start":{"line":94,"column":13},"end":{"line":94,"column":31}},"type":"binary-expr","locations":[{"start":{"line":94,"column":13},"end":{"line":94,"column":26}},{"start":{"line":94,"column":30},"end":{"line":94,"column":31}}]},"6":{"loc":{"start":{"line":97,"column":4},"end":{"line":99,"column":5}},"type":"if","locations":[{"start":{"line":97,"column":4},"end":{"line":99,"column":5}}]},"7":{"loc":{"start":{"line":117,"column":4},"end":{"line":122,"column":5}},"type":"if","locations":[{"start":{"line":117,"column":4},"end":{"line":122,"column":5}}]},"8":{"loc":{"start":{"line":118,"column":21},"end":{"line":120,"column":32}},"type":"cond-expr","locations":[{"start":{"line":119,"column":10},"end":{"line":119,"column":30}},{"start":{"line":120,"column":10},"end":{"line":120,"column":32}}]},"9":{"loc":{"start":{"line":153,"column":4},"end":{"line":158,"column":5}},"type":"if","locations":[{"start":{"line":153,"column":4},"end":{"line":158,"column":5}}]},"10":{"loc":{"start":{"line":154,"column":21},"end":{"line":156,"column":32}},"type":"cond-expr","locations":[{"start":{"line":155,"column":10},"end":{"line":155,"column":30}},{"start":{"line":156,"column":10},"end":{"line":156,"column":32}}]},"11":{"loc":{"start":{"line":175,"column":4},"end":{"line":180,"column":5}},"type":"if","locations":[{"start":{"line":175,"column":4},"end":{"line":180,"column":5}}]},"12":{"loc":{"start":{"line":176,"column":21},"end":{"line":178,"column":32}},"type":"cond-expr","locations":[{"start":{"line":177,"column":10},"end":{"line":177,"column":30}},{"start":{"line":178,"column":10},"end":{"line":178,"column":32}}]},"13":{"loc":{"start":{"line":197,"column":4},"end":{"line":202,"column":5}},"type":"if","locations":[{"start":{"line":197,"column":4},"end":{"line":202,"column":5}}]},"14":{"loc":{"start":{"line":198,"column":21},"end":{"line":200,"column":32}},"type":"cond-expr","locations":[{"start":{"line":199,"column":10},"end":{"line":199,"column":30}},{"start":{"line":200,"column":10},"end":{"line":200,"column":32}}]}},"s":{"0":1,"1":1,"2":1,"3":1,"4":1,"5":1,"6":17,"7":2,"8":2,"9":1,"10":1,"11":3,"12":3,"13":1,"14":2,"15":1,"16":1,"17":0,"18":1,"19":2,"20":2,"21":0,"22":2,"23":3,"24":3,"25":2,"26":2,"27":1,"28":2,"29":2,"30":1,"31":1,"32":1,"33":2,"34":2,"35":1,"36":1,"37":1,"38":2,"39":2,"40":1,"41":1,"42":1,"43":1,"44":1,"45":1,"46":1,"47":1,"48":1,"49":1,"50":1,"51":1,"52":1},"f":{"0":17,"1":2,"2":3,"3":1,"4":2,"5":3,"6":2,"7":2,"8":2},"b":{"0":[1],"1":[3,1],"2":[3,1],"3":[1],"4":[0],"5":[2,1],"6":[0],"7":[2],"8":[1,1],"9":[1],"10":[1,0],"11":[1],"12":[0,1],"13":[1],"14":[1,0]}}
,"D:\\codes\\99.my_projects\\zap\\backend\\src\\modules\\projects\\projects.module.ts": {"path":"D:\\codes\\99.my_projects\\zap\\backend\\src\\modules\\projects\\projects.module.ts","statementMap":{"0":{"start":{"line":1,"column":0},"end":{"line":1,"column":39}},"1":{"start":{"line":2,"column":0},"end":{"line":2,"column":58}},"2":{"start":{"line":3,"column":0},"end":{"line":3,"column":72}},"3":{"start":{"line":9,"column":7},"end":{"line":9,"column":null}},"4":{"start":{"line":9,"column":13},"end":{"line":9,"column":27}},"5":{"start":{"line":9,"column":13},"end":{"line":9,"column":null}}},"fnMap":{},"branchMap":{},"s":{"0":0,"1":0,"2":0,"3":0,"4":0,"5":0},"f":{},"b":{}}
,"D:\\codes\\99.my_projects\\zap\\backend\\src\\modules\\projects\\dto\\project.dto.ts": {"path":"D:\\codes\\99.my_projects\\zap\\backend\\src\\modules\\projects\\dto\\project.dto.ts","statementMap":{"0":{"start":{"line":1,"column":0},"end":{"line":1,"column":77}},"1":{"start":{"line":2,"column":0},"end":{"line":2,"column":66}},"2":{"start":{"line":4,"column":0},"end":{"line":4,"column":13}},"3":{"start":{"line":13,"column":2},"end":{"line":13,"column":null}},"4":{"start":{"line":23,"column":2},"end":{"line":23,"column":null}},"5":{"start":{"line":29,"column":2},"end":{"line":29,"column":null}},"6":{"start":{"line":32,"column":0},"end":{"line":32,"column":13}},"7":{"start":{"line":41,"column":2},"end":{"line":41,"column":null}},"8":{"start":{"line":50,"column":2},"end":{"line":50,"column":null}},"9":{"start":{"line":56,"column":2},"end":{"line":56,"column":null}},"10":{"start":{"line":66,"column":2},"end":{"line":66,"column":null}},"11":{"start":{"line":74,"column":2},"end":{"line":74,"column":null}},"12":{"start":{"line":59,"column":0},"end":{"line":59,"column":13}},"13":{"start":{"line":81,"column":2},"end":{"line":81,"column":null}},"14":{"start":{"line":89,"column":2},"end":{"line":89,"column":null}}},"fnMap":{"0":{"name":"(anonymous_2)","decl":{"start":{"line":59,"column":0},"end":{"line":59,"column":13}},"loc":{"start":{"line":59,"column":0},"end":{"line":90,"column":1}}}},"branchMap":{},"s":{"0":1,"1":1,"2":1,"3":1,"4":1,"5":1,"6":1,"7":1,"8":1,"9":1,"10":1,"11":1,"12":1,"13":1,"14":1},"f":{"0":0},"b":{}}
,"D:\\codes\\99.my_projects\\zap\\backend\\src\\modules\\users\\users.controller.ts": {"path":"D:\\codes\\99.my_projects\\zap\\backend\\src\\modules\\users\\users.controller.ts","statementMap":{"0":{"start":{"line":1,"column":0},"end":{"line":1,"column":68}},"1":{"start":{"line":2,"column":0},"end":{"line":2,"column":46}},"2":{"start":{"line":3,"column":0},"end":{"line":3,"column":60}},"3":{"start":{"line":7,"column":7},"end":{"line":14,"column":null}},"4":{"start":{"line":8,"column":22},"end":{"line":8,"column":36}},"5":{"start":{"line":12,"column":4},"end":{"line":12,"column":null}},"6":{"start":{"line":7,"column":13},"end":{"line":7,"column":28}},"7":{"start":{"line":11,"column":2},"end":{"line":13,"column":null}},"8":{"start":{"line":7,"column":13},"end":{"line":14,"column":null}}},"fnMap":{"0":{"name":"(anonymous_4)","decl":{"start":{"line":8,"column":2},"end":{"line":8,"column":22}},"loc":{"start":{"line":8,"column":48},"end":{"line":8,"column":52}}},"1":{"name":"(anonymous_5)","decl":{"start":{"line":11,"column":2},"end":{"line":11,"column":12}},"loc":{"start":{"line":11,"column":27},"end":{"line":13,"column":3}}}},"branchMap":{},"s":{"0":0,"1":0,"2":0,"3":0,"4":0,"5":0,"6":0,"7":0,"8":0},"f":{"0":0,"1":0},"b":{}}
,"D:\\codes\\99.my_projects\\zap\\backend\\src\\modules\\users\\users.module.ts": {"path":"D:\\codes\\99.my_projects\\zap\\backend\\src\\modules\\users\\users.module.ts","statementMap":{"0":{"start":{"line":1,"column":0},"end":{"line":1,"column":39}},"1":{"start":{"line":2,"column":0},"end":{"line":2,"column":52}},"2":{"start":{"line":3,"column":0},"end":{"line":3,"column":46}},"3":{"start":{"line":4,"column":0},"end":{"line":4,"column":66}},"4":{"start":{"line":11,"column":7},"end":{"line":11,"column":null}},"5":{"start":{"line":11,"column":13},"end":{"line":11,"column":24}},"6":{"start":{"line":11,"column":13},"end":{"line":11,"column":null}}},"fnMap":{},"branchMap":{},"s":{"0":0,"1":0,"2":0,"3":0,"4":0,"5":0,"6":0},"f":{},"b":{}}
,"D:\\codes\\99.my_projects\\zap\\backend\\src\\modules\\users\\users.service.ts": {"path":"D:\\codes\\99.my_projects\\zap\\backend\\src\\modules\\users\\users.service.ts","statementMap":{"0":{"start":{"line":1,"column":0},"end":{"line":1,"column":43}},"1":{"start":{"line":2,"column":0},"end":{"line":2,"column":66}},"2":{"start":{"line":6,"column":7},"end":{"line":33,"column":null}},"3":{"start":{"line":7,"column":22},"end":{"line":7,"column":30}},"4":{"start":{"line":10,"column":4},"end":{"line":12,"column":null}},"5":{"start":{"line":16,"column":4},"end":{"line":18,"column":null}},"6":{"start":{"line":22,"column":4},"end":{"line":24,"column":null}},"7":{"start":{"line":28,"column":4},"end":{"line":31,"column":null}},"8":{"start":{"line":6,"column":13},"end":{"line":6,"column":25}},"9":{"start":{"line":6,"column":13},"end":{"line":33,"column":null}}},"fnMap":{"0":{"name":"(anonymous_2)","decl":{"start":{"line":7,"column":2},"end":{"line":7,"column":22}},"loc":{"start":{"line":7,"column":43},"end":{"line":7,"column":47}}},"1":{"name":"(anonymous_3)","decl":{"start":{"line":9,"column":2},"end":{"line":9,"column":7}},"loc":{"start":{"line":9,"column":43},"end":{"line":13,"column":3}}},"2":{"name":"(anonymous_4)","decl":{"start":{"line":15,"column":2},"end":{"line":15,"column":7}},"loc":{"start":{"line":15,"column":33},"end":{"line":19,"column":3}}},"3":{"name":"(anonymous_5)","decl":{"start":{"line":21,"column":2},"end":{"line":21,"column":7}},"loc":{"start":{"line":21,"column":27},"end":{"line":25,"column":3}}},"4":{"name":"(anonymous_6)","decl":{"start":{"line":27,"column":2},"end":{"line":27,"column":7}},"loc":{"start":{"line":27,"column":64},"end":{"line":32,"column":3}}}},"branchMap":{},"s":{"0":0,"1":0,"2":0,"3":0,"4":0,"5":0,"6":0,"7":0,"8":0,"9":0},"f":{"0":0,"1":0,"2":0,"3":0,"4":0},"b":{}}
,"D:\\codes\\99.my_projects\\zap\\backend\\src\\modules\\users\\dto\\create-user.dto.ts": {"path":"D:\\codes\\99.my_projects\\zap\\backend\\src\\modules\\users\\dto\\create-user.dto.ts","statementMap":{"0":{"start":{"line":1,"column":0},"end":{"line":1,"column":74}},"1":{"start":{"line":3,"column":0},"end":{"line":3,"column":13}},"2":{"start":{"line":5,"column":2},"end":{"line":5,"column":null}},"3":{"start":{"line":9,"column":2},"end":{"line":9,"column":null}},"4":{"start":{"line":13,"column":2},"end":{"line":13,"column":null}},"5":{"start":{"line":17,"column":2},"end":{"line":17,"column":null}}},"fnMap":{},"branchMap":{},"s":{"0":0,"1":0,"2":0,"3":0,"4":0,"5":0},"f":{},"b":{}}
}
