TN:
SF:src\app.controller.ts
FN:6,(anonymous_2)
FN:9,(anonymous_3)
FNF:2
FNH:0
FNDA:0,(anonymous_2)
FNDA:0,(anonymous_3)
DA:1,0
DA:2,0
DA:5,0
DA:6,0
DA:9,0
DA:10,0
LF:6
LH:0
BRF:0
BRH:0
end_of_record
TN:
SF:src\app.module.ts
FNF:0
FNH:0
DA:1,0
DA:2,0
DA:3,0
DA:4,0
DA:5,0
DA:6,0
DA:7,0
DA:8,0
DA:24,0
LF:9
LH:0
BRF:0
BRH:0
end_of_record
TN:
SF:src\app.service.ts
FN:5,(anonymous_1)
FNF:1
FNH:0
FNDA:0,(anonymous_1)
DA:1,0
DA:4,0
DA:6,0
LF:3
LH:0
BRF:0
BRH:0
end_of_record
TN:
SF:src\main.ts
FN:4,bootstrap
FNF:1
FNH:0
FNDA:0,bootstrap
DA:1,0
DA:2,0
DA:5,0
DA:6,0
DA:7,0
DA:9,0
LF:6
LH:0
BRF:0
BRH:0
end_of_record
TN:
SF:src\application\application.module.ts
FNF:0
FNH:0
DA:1,0
DA:2,0
DA:3,0
DA:4,0
DA:5,0
DA:16,0
LF:6
LH:0
BRF:0
BRH:0
end_of_record
TN:
SF:src\application\services\page-application.service.ts
FN:36,(anonymous_4)
FN:45,(anonymous_5)
FN:53,(anonymous_6)
FN:114,(anonymous_7)
FN:179,(anonymous_8)
FN:214,(anonymous_9)
FN:249,(anonymous_10)
FN:289,(anonymous_11)
FN:324,(anonymous_12)
FN:359,(anonymous_13)
FN:394,(anonymous_14)
FN:419,(anonymous_15)
FN:447,(anonymous_16)
FN:464,(anonymous_17)
FN:489,(anonymous_18)
FNF:15
FNH:0
FNDA:0,(anonymous_4)
FNDA:0,(anonymous_5)
FNDA:0,(anonymous_6)
FNDA:0,(anonymous_7)
FNDA:0,(anonymous_8)
FNDA:0,(anonymous_9)
FNDA:0,(anonymous_10)
FNDA:0,(anonymous_11)
FNDA:0,(anonymous_12)
FNDA:0,(anonymous_13)
FNDA:0,(anonymous_14)
FNDA:0,(anonymous_15)
FNDA:0,(anonymous_16)
FNDA:0,(anonymous_17)
FNDA:0,(anonymous_18)
DA:1,0
DA:5,0
DA:10,0
DA:11,0
DA:35,0
DA:37,0
DA:38,0
DA:39,0
DA:46,0
DA:47,0
DA:54,0
DA:56,0
DA:57,0
DA:58,0
DA:62,0
DA:66,0
DA:67,0
DA:71,0
DA:75,0
DA:76,0
DA:80,0
DA:88,0
DA:89,0
DA:93,0
DA:96,0
DA:97,0
DA:99,0
DA:104,0
DA:105,0
DA:107,0
DA:115,0
DA:116,0
DA:117,0
DA:118,0
DA:122,0
DA:123,0
DA:124,0
DA:128,0
DA:129,0
DA:134,0
DA:135,0
DA:137,0
DA:140,0
DA:141,0
DA:146,0
DA:147,0
DA:149,0
DA:152,0
DA:153,0
DA:156,0
DA:157,0
DA:161,0
DA:164,0
DA:165,0
DA:167,0
DA:169,0
DA:170,0
DA:172,0
DA:180,0
DA:181,0
DA:182,0
DA:183,0
DA:187,0
DA:188,0
DA:189,0
DA:193,0
DA:196,0
DA:199,0
DA:200,0
DA:202,0
DA:204,0
DA:205,0
DA:207,0
DA:215,0
DA:216,0
DA:217,0
DA:218,0
DA:222,0
DA:223,0
DA:224,0
DA:228,0
DA:231,0
DA:234,0
DA:235,0
DA:237,0
DA:239,0
DA:240,0
DA:242,0
DA:252,0
DA:253,0
DA:254,0
DA:255,0
DA:259,0
DA:260,0
DA:261,0
DA:265,0
DA:268,0
DA:271,0
DA:272,0
DA:274,0
DA:279,0
DA:280,0
DA:282,0
DA:290,0
DA:291,0
DA:292,0
DA:293,0
DA:297,0
DA:298,0
DA:299,0
DA:303,0
DA:306,0
DA:309,0
DA:310,0
DA:312,0
DA:314,0
DA:315,0
DA:317,0
DA:325,0
DA:326,0
DA:327,0
DA:328,0
DA:332,0
DA:333,0
DA:334,0
DA:338,0
DA:341,0
DA:344,0
DA:345,0
DA:347,0
DA:349,0
DA:350,0
DA:352,0
DA:360,0
DA:361,0
DA:362,0
DA:363,0
DA:367,0
DA:368,0
DA:369,0
DA:373,0
DA:376,0
DA:379,0
DA:380,0
DA:382,0
DA:384,0
DA:385,0
DA:387,0
DA:395,0
DA:396,0
DA:397,0
DA:398,0
DA:402,0
DA:403,0
DA:404,0
DA:407,0
DA:412,0
DA:428,0
DA:430,0
DA:431,0
DA:432,0
DA:435,0
DA:436,0
DA:438,0
DA:446,0
DA:447,0
DA:448,0
DA:449,0
DA:452,0
DA:457,0
DA:470,0
DA:471,0
DA:472,0
DA:473,0
DA:477,0
DA:478,0
DA:479,0
DA:483,0
DA:489,0
DA:492,0
DA:500,0
LF:181
LH:0
BRDA:57,0,0,0
BRDA:66,1,0,0
BRDA:75,2,0,0
BRDA:88,3,0,0
BRDA:104,4,0,0
BRDA:117,5,0,0
BRDA:123,6,0,0
BRDA:128,7,0,0
BRDA:128,8,0,0
BRDA:128,8,1,0
BRDA:134,9,0,0
BRDA:140,10,0,0
BRDA:140,11,0,0
BRDA:140,11,1,0
BRDA:146,12,0,0
BRDA:152,13,0,0
BRDA:156,14,0,0
BRDA:169,15,0,0
BRDA:182,16,0,0
BRDA:188,17,0,0
BRDA:204,18,0,0
BRDA:217,19,0,0
BRDA:223,20,0,0
BRDA:239,21,0,0
BRDA:254,22,0,0
BRDA:260,23,0,0
BRDA:279,24,0,0
BRDA:292,25,0,0
BRDA:298,26,0,0
BRDA:314,27,0,0
BRDA:327,28,0,0
BRDA:333,29,0,0
BRDA:349,30,0,0
BRDA:362,31,0,0
BRDA:368,32,0,0
BRDA:384,33,0,0
BRDA:397,34,0,0
BRDA:403,35,0,0
BRDA:431,36,0,0
BRDA:435,37,0,0
BRDA:435,37,1,0
BRDA:436,38,0,0
BRDA:436,38,1,0
BRDA:446,39,0,0
BRDA:472,40,0,0
BRDA:478,41,0,0
BRDA:485,42,0,0
BRDA:485,42,1,0
BRF:48
BRH:0
end_of_record
TN:
SF:src\application\services\project-application.service.ts
FN:37,(anonymous_4)
FN:46,(anonymous_5)
FN:95,(anonymous_6)
FN:147,(anonymous_7)
FN:181,(anonymous_8)
FN:208,(anonymous_9)
FN:232,(anonymous_10)
FN:254,(anonymous_11)
FN:271,(anonymous_12)
FN:293,(anonymous_13)
FNF:10
FNH:4
FNDA:7,(anonymous_4)
FNDA:3,(anonymous_5)
FNDA:0,(anonymous_6)
FNDA:0,(anonymous_7)
FNDA:2,(anonymous_8)
FNDA:2,(anonymous_9)
FNDA:0,(anonymous_10)
FNDA:0,(anonymous_11)
FNDA:0,(anonymous_12)
FNDA:0,(anonymous_13)
DA:1,2
DA:5,2
DA:6,2
DA:7,2
DA:36,2
DA:38,7
DA:39,7
DA:40,7
DA:49,3
DA:51,3
DA:52,3
DA:53,1
DA:57,2
DA:61,2
DA:62,1
DA:66,1
DA:74,1
DA:77,1
DA:78,1
DA:80,1
DA:85,0
DA:86,0
DA:88,0
DA:96,0
DA:97,0
DA:98,0
DA:99,0
DA:103,0
DA:104,0
DA:108,0
DA:109,0
DA:114,0
DA:115,0
DA:117,0
DA:120,0
DA:121,0
DA:124,0
DA:125,0
DA:129,0
DA:132,0
DA:133,0
DA:135,0
DA:137,0
DA:138,0
DA:140,0
DA:148,0
DA:149,0
DA:150,0
DA:151,0
DA:155,0
DA:156,0
DA:160,0
DA:163,0
DA:166,0
DA:167,0
DA:169,0
DA:171,0
DA:172,0
DA:174,0
DA:182,2
DA:183,2
DA:184,2
DA:185,1
DA:189,1
DA:190,0
DA:194,1
DA:196,1
DA:198,0
DA:199,0
DA:201,0
DA:209,2
DA:210,2
DA:211,2
DA:212,1
DA:216,1
DA:217,0
DA:220,1
DA:225,0
DA:241,0
DA:242,0
DA:243,0
DA:245,0
DA:253,0
DA:254,0
DA:255,0
DA:256,0
DA:259,0
DA:264,0
DA:279,0
DA:280,0
DA:281,0
DA:286,0
DA:294,0
DA:295,0
DA:297,0
DA:302,0
LF:96
LH:33
BRDA:52,0,0,1
BRDA:61,1,0,1
BRDA:85,2,0,0
BRDA:98,3,0,0
BRDA:103,4,0,0
BRDA:108,5,0,0
BRDA:108,6,0,0
BRDA:108,6,1,0
BRDA:114,7,0,0
BRDA:120,8,0,0
BRDA:124,9,0,0
BRDA:137,10,0,0
BRDA:150,11,0,0
BRDA:155,12,0,0
BRDA:171,13,0,0
BRDA:184,14,0,1
BRDA:189,15,0,0
BRDA:198,16,0,0
BRDA:211,17,0,1
BRDA:216,18,0,0
BRDA:242,19,0,0
BRDA:242,19,1,0
BRDA:243,20,0,0
BRDA:243,20,1,0
BRDA:253,21,0,0
BRF:25
BRH:4
end_of_record
TN:
SF:src\common\constants\injection-tokens.ts
FNF:0
FNH:0
DA:2,2
DA:3,2
DA:4,2
DA:5,2
LF:4
LH:4
BRF:0
BRH:0
end_of_record
TN:
SF:src\common\prisma\prisma.service.ts
FN:6,(anonymous_1)
FN:10,(anonymous_2)
FNF:2
FNH:0
FNDA:0,(anonymous_1)
FNDA:0,(anonymous_2)
DA:1,0
DA:2,0
DA:5,0
DA:7,0
DA:11,0
LF:5
LH:0
BRF:0
BRH:0
end_of_record
TN:
SF:src\common\utils\id-generator.ts
FN:7,generateId
FN:16,generateShortId
FN:23,generateUUID
FN:24,(anonymous_3)
FN:34,isValidId
FNF:5
FNH:1
FNDA:54,generateId
FNDA:0,generateShortId
FNDA:0,generateUUID
FNDA:0,(anonymous_3)
FNDA:0,isValidId
DA:1,3
DA:7,3
DA:8,54
DA:9,54
DA:10,54
DA:16,3
DA:17,0
DA:23,3
DA:24,0
DA:25,0
DA:26,0
DA:27,0
DA:34,3
DA:35,0
DA:36,0
DA:40,0
DA:41,0
DA:42,0
DA:46,0
DA:47,0
DA:48,0
DA:51,0
LF:22
LH:8
BRDA:26,0,0,0
BRDA:26,0,1,0
BRDA:35,1,0,0
BRDA:35,2,0,0
BRDA:35,2,1,0
BRDA:41,3,0,0
BRDA:47,4,0,0
BRF:7
BRH:0
end_of_record
TN:
SF:src\domain\entities\component.entity.ts
FN:6,(anonymous_0)
FN:15,(anonymous_1)
FN:22,(anonymous_2)
FN:39,(anonymous_3)
FN:45,(anonymous_4)
FN:54,(anonymous_5)
FN:62,(anonymous_6)
FN:65,(anonymous_7)
FN:68,(anonymous_8)
FN:71,(anonymous_9)
FN:74,(anonymous_10)
FN:79,(anonymous_11)
FNF:12
FNH:0
FNDA:0,(anonymous_0)
FNDA:0,(anonymous_1)
FNDA:0,(anonymous_2)
FNDA:0,(anonymous_3)
FNDA:0,(anonymous_4)
FNDA:0,(anonymous_5)
FNDA:0,(anonymous_6)
FNDA:0,(anonymous_7)
FNDA:0,(anonymous_8)
FNDA:0,(anonymous_9)
FNDA:0,(anonymous_10)
FNDA:0,(anonymous_11)
DA:1,3
DA:3,3
DA:5,3
DA:7,0
DA:8,0
DA:9,0
DA:10,0
DA:11,0
DA:16,0
DA:18,0
DA:29,0
DA:40,0
DA:41,0
DA:46,0
DA:47,0
DA:49,0
DA:55,0
DA:63,0
DA:66,0
DA:69,0
DA:72,0
DA:75,0
DA:80,0
LF:23
LH:3
BRF:0
BRH:0
end_of_record
TN:
SF:src\domain\entities\page.entity.ts
FN:20,(anonymous_0)
FN:34,(anonymous_1)
FN:53,(anonymous_2)
FN:65,(anonymous_3)
FN:82,(anonymous_4)
FN:88,(anonymous_5)
FN:94,(anonymous_6)
FN:99,(anonymous_7)
FN:105,(anonymous_8)
FN:124,(anonymous_9)
FN:125,(anonymous_10)
FN:137,(anonymous_11)
FN:149,(anonymous_12)
FN:152,(anonymous_13)
FN:152,(anonymous_14)
FN:161,(anonymous_15)
FN:169,(anonymous_16)
FN:177,(anonymous_17)
FN:186,(anonymous_18)
FN:198,(anonymous_19)
FN:204,(anonymous_20)
FN:205,(anonymous_21)
FN:208,(anonymous_22)
FN:213,(anonymous_23)
FN:214,(anonymous_24)
FN:222,(anonymous_25)
FN:225,(anonymous_26)
FN:228,(anonymous_27)
FN:231,(anonymous_28)
FN:234,(anonymous_29)
FN:237,(anonymous_30)
FN:240,(anonymous_31)
FN:243,(anonymous_32)
FN:246,(anonymous_33)
FN:249,(anonymous_34)
FN:254,(anonymous_35)
FN:258,(anonymous_36)
FN:262,(anonymous_37)
FN:267,(anonymous_38)
FN:274,(anonymous_39)
FNF:40
FNH:9
FNDA:6,(anonymous_0)
FNDA:6,(anonymous_1)
FNDA:0,(anonymous_2)
FNDA:0,(anonymous_3)
FNDA:0,(anonymous_4)
FNDA:0,(anonymous_5)
FNDA:0,(anonymous_6)
FNDA:0,(anonymous_7)
FNDA:0,(anonymous_8)
FNDA:0,(anonymous_9)
FNDA:0,(anonymous_10)
FNDA:0,(anonymous_11)
FNDA:0,(anonymous_12)
FNDA:0,(anonymous_13)
FNDA:0,(anonymous_14)
FNDA:2,(anonymous_15)
FNDA:0,(anonymous_16)
FNDA:0,(anonymous_17)
FNDA:0,(anonymous_18)
FNDA:2,(anonymous_19)
FNDA:0,(anonymous_20)
FNDA:0,(anonymous_21)
FNDA:0,(anonymous_22)
FNDA:0,(anonymous_23)
FNDA:0,(anonymous_24)
FNDA:15,(anonymous_25)
FNDA:0,(anonymous_26)
FNDA:1,(anonymous_27)
FNDA:2,(anonymous_28)
FNDA:0,(anonymous_29)
FNDA:0,(anonymous_30)
FNDA:0,(anonymous_31)
FNDA:3,(anonymous_32)
FNDA:0,(anonymous_33)
FNDA:0,(anonymous_34)
FNDA:8,(anonymous_35)
FNDA:0,(anonymous_36)
FNDA:0,(anonymous_37)
FNDA:0,(anonymous_38)
FNDA:0,(anonymous_39)
DA:2,3
DA:3,3
DA:4,3
DA:13,3
DA:15,3
DA:17,3
DA:18,6
DA:21,6
DA:22,6
DA:23,6
DA:24,6
DA:25,6
DA:26,6
DA:27,6
DA:28,6
DA:29,6
DA:30,6
DA:35,6
DA:48,6
DA:49,6
DA:65,0
DA:67,0
DA:83,0
DA:84,0
DA:85,0
DA:89,0
DA:90,0
DA:91,0
DA:95,0
DA:96,0
DA:100,0
DA:101,0
DA:110,0
DA:112,0
DA:113,0
DA:115,0
DA:118,0
DA:119,0
DA:121,0
DA:125,0
DA:126,0
DA:127,0
DA:130,0
DA:131,0
DA:132,0
DA:134,0
DA:138,0
DA:139,0
DA:140,0
DA:143,0
DA:144,0
DA:146,0
DA:150,0
DA:152,0
DA:154,0
DA:155,0
DA:157,0
DA:162,2
DA:163,2
DA:164,2
DA:166,2
DA:170,0
DA:171,0
DA:173,0
DA:178,0
DA:179,0
DA:181,0
DA:182,0
DA:187,0
DA:188,0
DA:190,0
DA:191,0
DA:193,0
DA:194,0
DA:199,2
DA:200,0
DA:205,0
DA:209,0
DA:210,0
DA:213,0
DA:214,0
DA:216,0
DA:217,0
DA:223,15
DA:226,0
DA:229,1
DA:232,2
DA:235,0
DA:238,0
DA:241,0
DA:244,3
DA:247,0
DA:250,0
DA:255,8
DA:259,0
DA:263,0
DA:268,0
DA:274,0
LF:98
LH:30
BRDA:40,0,0,6
BRDA:40,0,1,5
BRDA:112,1,0,0
BRDA:112,1,1,0
BRDA:112,2,0,0
BRDA:112,2,1,0
BRDA:112,2,2,0
BRDA:126,3,0,0
BRDA:139,4,0,0
BRDA:178,5,0,0
BRDA:178,6,0,0
BRDA:178,6,1,0
BRDA:181,7,0,0
BRDA:187,8,0,0
BRDA:187,9,0,0
BRDA:187,9,1,0
BRDA:190,10,0,0
BRDA:193,11,0,0
BRDA:199,12,0,0
BRDA:209,13,0,0
BRDA:216,14,0,0
BRF:21
BRH:2
end_of_record
TN:
SF:src\domain\entities\project.entity.ts
FN:14,(anonymous_0)
FN:19,(anonymous_1)
FN:32,(anonymous_2)
FN:55,(anonymous_3)
FN:80,(anonymous_4)
FN:89,(anonymous_5)
FN:94,(anonymous_6)
FN:99,(anonymous_7)
FN:114,(anonymous_8)
FN:115,(anonymous_9)
FN:124,(anonymous_10)
FN:132,(anonymous_11)
FN:138,(anonymous_12)
FN:147,(anonymous_13)
FN:148,(anonymous_14)
FN:154,(anonymous_15)
FN:158,(anonymous_16)
FN:164,(anonymous_17)
FN:167,(anonymous_18)
FN:170,(anonymous_19)
FN:173,(anonymous_20)
FN:176,(anonymous_21)
FN:179,(anonymous_22)
FN:182,(anonymous_23)
FN:185,(anonymous_24)
FN:188,(anonymous_25)
FN:193,(anonymous_26)
FN:197,(anonymous_27)
FN:201,(anonymous_28)
FN:206,(anonymous_29)
FNF:30
FNH:24
FNDA:6,(anonymous_0)
FNDA:18,(anonymous_1)
FNDA:15,(anonymous_2)
FNDA:3,(anonymous_3)
FNDA:5,(anonymous_4)
FNDA:0,(anonymous_5)
FNDA:0,(anonymous_6)
FNDA:7,(anonymous_7)
FNDA:0,(anonymous_8)
FNDA:0,(anonymous_9)
FNDA:4,(anonymous_10)
FNDA:0,(anonymous_11)
FNDA:5,(anonymous_12)
FNDA:7,(anonymous_13)
FNDA:1,(anonymous_14)
FNDA:4,(anonymous_15)
FNDA:3,(anonymous_16)
FNDA:38,(anonymous_17)
FNDA:5,(anonymous_18)
FNDA:3,(anonymous_19)
FNDA:4,(anonymous_20)
FNDA:4,(anonymous_21)
FNDA:2,(anonymous_22)
FNDA:2,(anonymous_23)
FNDA:3,(anonymous_24)
FNDA:5,(anonymous_25)
FNDA:25,(anonymous_26)
FNDA:14,(anonymous_27)
FNDA:5,(anonymous_28)
FNDA:0,(anonymous_29)
DA:2,3
DA:3,3
DA:4,3
DA:10,3
DA:11,3
DA:12,3
DA:14,9
DA:16,3
DA:17,18
DA:20,18
DA:21,18
DA:22,18
DA:23,18
DA:24,18
DA:25,18
DA:26,18
DA:27,18
DA:28,18
DA:38,15
DA:50,15
DA:51,15
DA:66,3
DA:81,5
DA:82,2
DA:83,2
DA:84,2
DA:86,2
DA:90,0
DA:91,0
DA:95,0
DA:96,0
DA:100,7
DA:102,6
DA:107,6
DA:108,6
DA:110,6
DA:111,6
DA:115,0
DA:116,0
DA:117,0
DA:120,0
DA:121,0
DA:125,4
DA:126,2
DA:127,2
DA:129,2
DA:133,0
DA:134,0
DA:139,5
DA:140,2
DA:142,3
DA:143,1
DA:148,7
DA:149,7
DA:150,1
DA:155,4
DA:156,1
DA:158,3
DA:159,1
DA:165,38
DA:168,5
DA:171,3
DA:174,4
DA:177,4
DA:180,2
DA:183,2
DA:186,3
DA:189,5
DA:194,25
DA:198,14
DA:202,5
DA:207,0
LF:72
LH:60
BRDA:28,0,0,15
BRDA:41,1,0,15
BRDA:41,1,1,13
BRDA:44,2,0,15
BRDA:44,2,1,14
BRDA:75,3,0,3
BRDA:75,3,1,3
BRDA:116,4,0,0
BRDA:139,5,0,2
BRDA:139,6,0,5
BRDA:139,6,1,4
BRDA:142,7,0,1
BRDA:149,8,0,1
BRDA:155,9,0,1
BRDA:158,10,0,1
BRF:15
BRH:14
end_of_record
TN:
SF:src\domain\entities\user.entity.ts
FN:6,(anonymous_0)
FN:17,(anonymous_1)
FN:41,(anonymous_2)
FN:62,(anonymous_3)
FN:73,(anonymous_4)
FN:86,(anonymous_5)
FN:93,(anonymous_6)
FN:98,(anonymous_7)
FN:113,(anonymous_8)
FN:133,(anonymous_9)
FN:156,(anonymous_10)
FN:162,(anonymous_11)
FN:165,(anonymous_12)
FN:168,(anonymous_13)
FN:171,(anonymous_14)
FN:174,(anonymous_15)
FN:177,(anonymous_16)
FN:182,(anonymous_17)
FN:187,(anonymous_18)
FN:200,(anonymous_19)
FNF:20
FNH:2
FNDA:1,(anonymous_0)
FNDA:0,(anonymous_1)
FNDA:1,(anonymous_2)
FNDA:0,(anonymous_3)
FNDA:0,(anonymous_4)
FNDA:0,(anonymous_5)
FNDA:0,(anonymous_6)
FNDA:0,(anonymous_7)
FNDA:0,(anonymous_8)
FNDA:0,(anonymous_9)
FNDA:0,(anonymous_10)
FNDA:0,(anonymous_11)
FNDA:0,(anonymous_12)
FNDA:0,(anonymous_13)
FNDA:0,(anonymous_14)
FNDA:0,(anonymous_15)
FNDA:0,(anonymous_16)
FNDA:0,(anonymous_17)
FNDA:0,(anonymous_18)
FNDA:0,(anonymous_19)
DA:1,1
DA:2,1
DA:3,1
DA:5,1
DA:7,1
DA:8,1
DA:9,1
DA:10,1
DA:11,1
DA:12,1
DA:13,1
DA:23,0
DA:33,0
DA:34,0
DA:35,0
DA:37,0
DA:50,1
DA:63,0
DA:64,0
DA:65,0
DA:68,0
DA:69,0
DA:70,0
DA:74,0
DA:75,0
DA:76,0
DA:79,0
DA:80,0
DA:83,0
DA:87,0
DA:88,0
DA:89,0
DA:94,0
DA:99,0
DA:100,0
DA:103,0
DA:104,0
DA:105,0
DA:108,0
DA:109,0
DA:114,0
DA:115,0
DA:118,0
DA:119,0
DA:122,0
DA:123,0
DA:127,0
DA:128,0
DA:129,0
DA:134,0
DA:135,0
DA:138,0
DA:139,0
DA:142,0
DA:143,0
DA:147,0
DA:148,0
DA:150,0
DA:151,0
DA:157,0
DA:158,0
DA:163,0
DA:166,0
DA:169,0
DA:172,0
DA:175,0
DA:178,0
DA:183,0
DA:188,0
DA:201,0
LF:70
LH:12
BRDA:28,0,0,0
BRDA:28,0,1,0
BRDA:64,1,0,0
BRDA:74,2,0,0
BRDA:79,3,0,0
BRDA:99,4,0,0
BRDA:99,5,0,0
BRDA:99,5,1,0
BRDA:104,6,0,0
BRDA:108,7,0,0
BRDA:114,8,0,0
BRDA:114,9,0,0
BRDA:114,9,1,0
BRDA:118,10,0,0
BRDA:122,11,0,0
BRDA:128,12,0,0
BRDA:134,13,0,0
BRDA:134,14,0,0
BRDA:134,14,1,0
BRDA:138,15,0,0
BRDA:142,16,0,0
BRDA:150,17,0,0
BRDA:150,18,0,0
BRDA:150,18,1,0
BRF:24
BRH:0
end_of_record
TN:
SF:src\domain\errors\domain-error.ts
FN:2,(anonymous_0)
FN:15,(anonymous_1)
FN:25,(anonymous_2)
FN:35,(anonymous_3)
FN:42,(anonymous_4)
FNF:5
FNH:1
FNDA:14,(anonymous_0)
FNDA:0,(anonymous_1)
FNDA:0,(anonymous_2)
FNDA:0,(anonymous_3)
FNDA:0,(anonymous_4)
DA:1,4
DA:3,14
DA:4,14
DA:7,14
DA:8,14
DA:14,4
DA:17,0
DA:19,0
DA:20,0
DA:24,4
DA:26,0
DA:29,0
DA:30,0
DA:34,4
DA:36,0
DA:37,0
DA:41,4
DA:43,0
DA:44,0
LF:19
LH:9
BRDA:7,0,0,14
BRDA:26,1,0,0
BRDA:26,1,1,0
BRDA:35,2,0,0
BRF:4
BRH:1
end_of_record
TN:
SF:src\domain\events\domain-event.ts
FN:10,(anonymous_0)
FN:22,(anonymous_1)
FNF:2
FNH:1
FNDA:33,(anonymous_0)
FNDA:0,(anonymous_1)
DA:1,3
DA:6,3
DA:11,33
DA:12,33
DA:14,33
DA:15,33
DA:23,0
LF:7
LH:6
BRF:0
BRH:0
end_of_record
TN:
SF:src\domain\events\page.events.ts
FN:8,(anonymous_0)
FN:17,(anonymous_1)
FN:30,(anonymous_2)
FN:37,(anonymous_3)
FN:48,(anonymous_4)
FN:55,(anonymous_5)
FN:66,(anonymous_6)
FN:75,(anonymous_7)
FN:88,(anonymous_8)
FN:96,(anonymous_9)
FN:108,(anonymous_10)
FN:116,(anonymous_11)
FN:128,(anonymous_12)
FN:135,(anonymous_13)
FN:146,(anonymous_14)
FN:155,(anonymous_15)
FN:168,(anonymous_16)
FN:177,(anonymous_17)
FN:190,(anonymous_18)
FN:197,(anonymous_19)
FN:208,(anonymous_20)
FN:216,(anonymous_21)
FNF:22
FNH:2
FNDA:6,(anonymous_0)
FNDA:0,(anonymous_1)
FNDA:2,(anonymous_2)
FNDA:0,(anonymous_3)
FNDA:0,(anonymous_4)
FNDA:0,(anonymous_5)
FNDA:0,(anonymous_6)
FNDA:0,(anonymous_7)
FNDA:0,(anonymous_8)
FNDA:0,(anonymous_9)
FNDA:0,(anonymous_10)
FNDA:0,(anonymous_11)
FNDA:0,(anonymous_12)
FNDA:0,(anonymous_13)
FNDA:0,(anonymous_14)
FNDA:0,(anonymous_15)
FNDA:0,(anonymous_16)
FNDA:0,(anonymous_17)
FNDA:0,(anonymous_18)
FNDA:0,(anonymous_19)
FNDA:0,(anonymous_20)
FNDA:0,(anonymous_21)
DA:1,3
DA:7,3
DA:10,6
DA:11,6
DA:12,6
DA:14,6
DA:18,0
DA:29,3
DA:32,2
DA:34,2
DA:38,0
DA:47,3
DA:50,0
DA:52,0
DA:56,0
DA:65,3
DA:68,0
DA:69,0
DA:70,0
DA:72,0
DA:76,0
DA:87,3
DA:90,0
DA:91,0
DA:93,0
DA:97,0
DA:107,3
DA:110,0
DA:111,0
DA:113,0
DA:117,0
DA:127,3
DA:130,0
DA:132,0
DA:136,0
DA:145,3
DA:148,0
DA:149,0
DA:150,0
DA:152,0
DA:156,0
DA:167,3
DA:170,0
DA:171,0
DA:172,0
DA:174,0
DA:178,0
DA:189,3
DA:192,0
DA:194,0
DA:198,0
DA:207,3
DA:210,0
DA:211,0
DA:213,0
DA:217,0
LF:56
LH:18
BRF:0
BRH:0
end_of_record
TN:
SF:src\domain\events\project.events.ts
FN:8,(anonymous_0)
FN:16,(anonymous_1)
FN:28,(anonymous_2)
FN:36,(anonymous_3)
FN:48,(anonymous_4)
FN:55,(anonymous_5)
FN:66,(anonymous_6)
FN:75,(anonymous_7)
FN:88,(anonymous_8)
FN:95,(anonymous_9)
FN:106,(anonymous_10)
FN:113,(anonymous_11)
FN:124,(anonymous_12)
FN:132,(anonymous_13)
FN:144,(anonymous_14)
FN:152,(anonymous_15)
FNF:16
FNH:4
FNDA:15,(anonymous_0)
FNDA:0,(anonymous_1)
FNDA:2,(anonymous_2)
FNDA:0,(anonymous_3)
FNDA:2,(anonymous_4)
FNDA:0,(anonymous_5)
FNDA:0,(anonymous_6)
FNDA:0,(anonymous_7)
FNDA:6,(anonymous_8)
FNDA:0,(anonymous_9)
FNDA:0,(anonymous_10)
FNDA:0,(anonymous_11)
FNDA:0,(anonymous_12)
FNDA:0,(anonymous_13)
FNDA:0,(anonymous_14)
FNDA:0,(anonymous_15)
DA:1,3
DA:7,3
DA:10,15
DA:11,15
DA:13,15
DA:17,0
DA:27,3
DA:30,2
DA:31,2
DA:33,2
DA:37,0
DA:47,3
DA:50,2
DA:52,2
DA:56,0
DA:65,3
DA:68,0
DA:69,0
DA:70,0
DA:72,0
DA:76,0
DA:87,3
DA:90,6
DA:92,6
DA:96,0
DA:105,3
DA:108,0
DA:110,0
DA:114,0
DA:123,3
DA:126,0
DA:127,0
DA:129,0
DA:133,0
DA:143,3
DA:146,0
DA:147,0
DA:149,0
DA:153,0
LF:39
LH:19
BRF:0
BRH:0
end_of_record
TN:
SF:src\domain\types\component.types.ts
FNF:0
FNH:0
DA:31,3
LF:1
LH:1
BRF:0
BRH:0
end_of_record
TN:
SF:src\domain\value-objects\component-props.vo.ts
FN:10,(anonymous_0)
FN:15,(anonymous_1)
FN:25,(anonymous_2)
FN:29,(anonymous_3)
FN:37,(anonymous_4)
FN:61,(anonymous_5)
FN:84,(anonymous_6)
FN:112,(anonymous_7)
FN:145,(anonymous_8)
FN:173,(anonymous_9)
FN:198,(anonymous_10)
FN:218,(anonymous_11)
FN:233,(anonymous_12)
FN:250,(anonymous_13)
FN:261,(anonymous_14)
FN:266,(anonymous_15)
FN:269,(anonymous_16)
FN:274,(anonymous_17)
FNF:18
FNH:0
FNDA:0,(anonymous_0)
FNDA:0,(anonymous_1)
FNDA:0,(anonymous_2)
FNDA:0,(anonymous_3)
FNDA:0,(anonymous_4)
FNDA:0,(anonymous_5)
FNDA:0,(anonymous_6)
FNDA:0,(anonymous_7)
FNDA:0,(anonymous_8)
FNDA:0,(anonymous_9)
FNDA:0,(anonymous_10)
FNDA:0,(anonymous_11)
FNDA:0,(anonymous_12)
FNDA:0,(anonymous_13)
FNDA:0,(anonymous_14)
FNDA:0,(anonymous_15)
FNDA:0,(anonymous_16)
FNDA:0,(anonymous_17)
DA:1,3
DA:7,3
DA:9,3
DA:11,0
DA:12,0
DA:16,0
DA:17,0
DA:18,0
DA:21,0
DA:22,0
DA:26,0
DA:30,0
DA:31,0
DA:34,0
DA:42,0
DA:45,0
DA:48,0
DA:49,0
DA:50,0
DA:54,0
DA:55,0
DA:58,0
DA:62,0
DA:64,0
DA:65,0
DA:67,0
DA:68,0
DA:70,0
DA:71,0
DA:73,0
DA:74,0
DA:76,0
DA:77,0
DA:79,0
DA:80,0
DA:85,0
DA:87,0
DA:88,0
DA:90,0
DA:91,0
DA:93,0
DA:95,0
DA:96,0
DA:98,0
DA:100,0
DA:101,0
DA:103,0
DA:105,0
DA:106,0
DA:108,0
DA:113,0
DA:115,0
DA:116,0
DA:118,0
DA:119,0
DA:121,0
DA:123,0
DA:124,0
DA:126,0
DA:128,0
DA:129,0
DA:131,0
DA:133,0
DA:134,0
DA:136,0
DA:138,0
DA:139,0
DA:141,0
DA:146,0
DA:148,0
DA:149,0
DA:151,0
DA:152,0
DA:154,0
DA:156,0
DA:157,0
DA:159,0
DA:161,0
DA:162,0
DA:164,0
DA:166,0
DA:167,0
DA:169,0
DA:174,0
DA:176,0
DA:177,0
DA:180,0
DA:181,0
DA:183,0
DA:185,0
DA:186,0
DA:188,0
DA:191,0
DA:192,0
DA:194,0
DA:199,0
DA:201,0
DA:202,0
DA:204,0
DA:206,0
DA:207,0
DA:209,0
DA:211,0
DA:212,0
DA:214,0
DA:219,0
DA:221,0
DA:222,0
DA:224,0
DA:226,0
DA:227,0
DA:229,0
DA:234,0
DA:235,0
DA:238,0
DA:239,0
DA:242,0
DA:243,0
DA:246,0
DA:251,0
DA:252,0
DA:253,0
DA:254,0
DA:256,0
DA:262,0
DA:267,0
DA:270,0
DA:275,0
LF:128
LH:3
BRDA:17,0,0,0
BRDA:49,1,0,0
BRDA:62,2,0,0
BRDA:62,2,1,0
BRDA:62,2,2,0
BRDA:62,2,3,0
BRDA:62,2,4,0
BRDA:62,2,5,0
BRDA:85,3,0,0
BRDA:85,3,1,0
BRDA:85,3,2,0
BRDA:85,3,3,0
BRDA:87,4,0,0
BRDA:87,5,0,0
BRDA:87,5,1,0
BRDA:90,6,0,0
BRDA:95,7,0,0
BRDA:100,8,0,0
BRDA:105,9,0,0
BRDA:113,10,0,0
BRDA:113,10,1,0
BRDA:113,10,2,0
BRDA:113,10,3,0
BRDA:113,10,4,0
BRDA:115,11,0,0
BRDA:115,12,0,0
BRDA:115,12,1,0
BRDA:118,13,0,0
BRDA:123,14,0,0
BRDA:128,15,0,0
BRDA:133,16,0,0
BRDA:138,17,0,0
BRDA:138,18,0,0
BRDA:138,18,1,0
BRDA:146,19,0,0
BRDA:146,19,1,0
BRDA:146,19,2,0
BRDA:146,19,3,0
BRDA:148,20,0,0
BRDA:148,21,0,0
BRDA:148,21,1,0
BRDA:151,22,0,0
BRDA:151,23,0,0
BRDA:151,23,1,0
BRDA:156,24,0,0
BRDA:161,25,0,0
BRDA:166,26,0,0
BRDA:166,27,0,0
BRDA:166,27,1,0
BRDA:166,27,2,0
BRDA:174,28,0,0
BRDA:174,28,1,0
BRDA:174,28,2,0
BRDA:174,28,3,0
BRDA:176,29,0,0
BRDA:176,30,0,0
BRDA:176,30,1,0
BRDA:180,31,0,0
BRDA:180,32,0,0
BRDA:180,32,1,0
BRDA:180,32,2,0
BRDA:185,33,0,0
BRDA:185,34,0,0
BRDA:185,34,1,0
BRDA:191,35,0,0
BRDA:191,36,0,0
BRDA:191,36,1,0
BRDA:191,36,2,0
BRDA:192,37,0,0
BRDA:192,37,1,0
BRDA:199,38,0,0
BRDA:199,38,1,0
BRDA:199,38,2,0
BRDA:201,39,0,0
BRDA:206,40,0,0
BRDA:211,41,0,0
BRDA:219,42,0,0
BRDA:219,42,1,0
BRDA:221,43,0,0
BRDA:226,44,0,0
BRDA:234,45,0,0
BRDA:234,46,0,0
BRDA:234,46,1,0
BRDA:238,47,0,0
BRDA:238,48,0,0
BRDA:238,48,1,0
BRDA:242,49,0,0
BRDA:242,50,0,0
BRDA:242,50,1,0
BRDA:242,50,2,0
BRF:90
BRH:0
end_of_record
TN:
SF:src\domain\value-objects\page-layout.vo.ts
FN:4,(anonymous_0)
FN:10,(anonymous_1)
FN:27,(anonymous_2)
FN:39,(anonymous_3)
FN:44,(anonymous_4)
FN:58,(anonymous_5)
FN:64,(anonymous_6)
FN:71,(anonymous_7)
FN:75,(anonymous_8)
FN:90,(anonymous_9)
FN:104,(anonymous_10)
FN:109,(anonymous_11)
FN:114,(anonymous_12)
FN:120,(anonymous_13)
FN:123,(anonymous_14)
FN:126,(anonymous_15)
FN:131,(anonymous_16)
FN:140,(anonymous_17)
FN:149,(anonymous_18)
FNF:19
FNH:6
FNDA:6,(anonymous_0)
FNDA:6,(anonymous_1)
FNDA:0,(anonymous_2)
FNDA:6,(anonymous_3)
FNDA:6,(anonymous_4)
FNDA:6,(anonymous_5)
FNDA:6,(anonymous_6)
FNDA:0,(anonymous_7)
FNDA:0,(anonymous_8)
FNDA:0,(anonymous_9)
FNDA:0,(anonymous_10)
FNDA:0,(anonymous_11)
FNDA:0,(anonymous_12)
FNDA:0,(anonymous_13)
FNDA:0,(anonymous_14)
FNDA:0,(anonymous_15)
FNDA:0,(anonymous_16)
FNDA:0,(anonymous_17)
FNDA:0,(anonymous_18)
DA:1,3
DA:3,3
DA:5,6
DA:6,6
DA:7,6
DA:15,6
DA:16,6
DA:17,6
DA:20,6
DA:21,6
DA:22,6
DA:24,6
DA:28,0
DA:29,0
DA:32,0
DA:40,6
DA:45,6
DA:46,6
DA:47,0
DA:49,6
DA:50,0
DA:52,6
DA:53,0
DA:59,6
DA:60,0
DA:65,6
DA:66,0
DA:72,0
DA:76,0
DA:78,0
DA:80,0
DA:82,0
DA:84,0
DA:86,0
DA:91,0
DA:93,0
DA:95,0
DA:97,0
DA:99,0
DA:105,0
DA:106,0
DA:110,0
DA:111,0
DA:115,0
DA:116,0
DA:121,0
DA:124,0
DA:127,0
DA:132,0
DA:141,0
DA:150,0
LF:51
LH:19
BRDA:15,0,0,6
BRDA:15,0,1,6
BRDA:16,1,0,6
BRDA:16,1,1,6
BRDA:17,2,0,6
BRDA:17,2,1,6
BRDA:28,3,0,0
BRDA:28,4,0,0
BRDA:28,4,1,0
BRDA:45,5,0,6
BRDA:46,6,0,0
BRDA:46,7,0,6
BRDA:46,7,1,6
BRDA:49,8,0,0
BRDA:52,9,0,0
BRDA:59,10,0,0
BRDA:65,11,0,0
BRDA:72,12,0,0
BRDA:72,12,1,0
BRDA:76,13,0,0
BRDA:76,13,1,0
BRDA:76,13,2,0
BRDA:76,13,3,0
BRDA:76,13,4,0
BRDA:91,14,0,0
BRDA:91,14,1,0
BRDA:91,14,2,0
BRDA:91,14,3,0
BRDA:133,15,0,0
BRDA:133,15,1,0
BRDA:133,15,2,0
BRF:31
BRH:9
end_of_record
TN:
SF:src\domain\value-objects\project-config.vo.ts
FN:5,(anonymous_0)
FN:11,(anonymous_1)
FN:28,(anonymous_2)
FN:40,(anonymous_3)
FN:45,(anonymous_4)
FN:57,(anonymous_5)
FN:63,(anonymous_6)
FN:70,(anonymous_7)
FN:83,(anonymous_8)
FN:96,(anonymous_9)
FN:101,(anonymous_10)
FN:106,(anonymous_11)
FN:112,(anonymous_12)
FN:115,(anonymous_13)
FN:118,(anonymous_14)
FN:123,(anonymous_15)
FN:131,(anonymous_16)
FN:139,(anonymous_17)
FN:150,(anonymous_18)
FN:156,(anonymous_19)
FN:172,(anonymous_20)
FN:185,(anonymous_21)
FN:194,(anonymous_22)
FN:219,(anonymous_23)
FN:227,(anonymous_24)
FN:234,(anonymous_25)
FN:235,(anonymous_26)
FN:239,(anonymous_27)
FN:240,(anonymous_28)
FN:249,(anonymous_29)
FN:252,(anonymous_30)
FN:255,(anonymous_31)
FN:259,(anonymous_32)
FN:270,(anonymous_33)
FN:275,(anonymous_34)
FN:279,(anonymous_35)
FN:290,(anonymous_36)
FN:295,(anonymous_37)
FN:299,(anonymous_38)
FN:304,(anonymous_39)
FN:307,(anonymous_40)
FN:312,(anonymous_41)
FN:321,(anonymous_42)
FNF:43
FNH:40
FNDA:50,(anonymous_0)
FNDA:51,(anonymous_1)
FNDA:4,(anonymous_2)
FNDA:24,(anonymous_3)
FNDA:53,(anonymous_4)
FNDA:49,(anonymous_5)
FNDA:48,(anonymous_6)
FNDA:3,(anonymous_7)
FNDA:3,(anonymous_8)
FNDA:2,(anonymous_9)
FNDA:1,(anonymous_10)
FNDA:0,(anonymous_11)
FNDA:5,(anonymous_12)
FNDA:4,(anonymous_13)
FNDA:2,(anonymous_14)
FNDA:4,(anonymous_15)
FNDA:1,(anonymous_16)
FNDA:0,(anonymous_17)
FNDA:11,(anonymous_18)
FNDA:12,(anonymous_19)
FNDA:4,(anonymous_20)
FNDA:12,(anonymous_21)
FNDA:13,(anonymous_22)
FNDA:10,(anonymous_23)
FNDA:1,(anonymous_24)
FNDA:1,(anonymous_25)
FNDA:1,(anonymous_26)
FNDA:1,(anonymous_27)
FNDA:1,(anonymous_28)
FNDA:2,(anonymous_29)
FNDA:3,(anonymous_30)
FNDA:9,(anonymous_31)
FNDA:0,(anonymous_32)
FNDA:32,(anonymous_33)
FNDA:30,(anonymous_34)
FNDA:7,(anonymous_35)
FNDA:18,(anonymous_36)
FNDA:1,(anonymous_37)
FNDA:1,(anonymous_38)
FNDA:5,(anonymous_39)
FNDA:5,(anonymous_40)
FNDA:2,(anonymous_41)
FNDA:1,(anonymous_42)
DA:1,4
DA:4,4
DA:6,50
DA:7,50
DA:8,50
DA:16,51
DA:17,51
DA:18,51
DA:21,51
DA:22,48
DA:23,48
DA:25,48
DA:29,4
DA:30,3
DA:33,1
DA:41,24
DA:46,53
DA:47,1
DA:51,52
DA:52,52
DA:53,3
DA:58,49
DA:59,0
DA:64,48
DA:65,0
DA:71,3
DA:73,1
DA:75,1
DA:77,1
DA:79,0
DA:84,3
DA:86,1
DA:88,1
DA:91,1
DA:97,2
DA:98,1
DA:102,1
DA:103,1
DA:107,0
DA:108,0
DA:113,5
DA:116,4
DA:119,2
DA:124,4
DA:132,1
DA:140,0
DA:149,4
DA:151,11
DA:152,11
DA:153,11
DA:161,12
DA:162,12
DA:163,12
DA:166,12
DA:167,11
DA:169,8
DA:173,4
DA:174,3
DA:177,1
DA:186,12
DA:187,0
DA:189,12
DA:190,1
DA:195,13
DA:196,0
DA:199,13
DA:200,0
DA:203,13
DA:204,12
DA:205,1
DA:207,11
DA:208,0
DA:210,11
DA:211,0
DA:213,11
DA:214,1
DA:219,11
DA:220,11
DA:221,11
DA:222,1
DA:228,1
DA:229,1
DA:231,1
DA:235,1
DA:236,1
DA:240,1
DA:241,1
DA:243,1
DA:245,1
DA:250,2
DA:253,3
DA:256,9
DA:260,0
DA:269,4
DA:271,32
DA:272,32
DA:276,30
DA:280,7
DA:281,3
DA:284,4
DA:291,18
DA:296,1
DA:300,1
DA:305,5
DA:308,5
DA:314,2
DA:318,2
DA:322,1
LF:108
LH:96
BRDA:16,0,0,51
BRDA:16,0,1,33
BRDA:17,1,0,51
BRDA:17,1,1,43
BRDA:18,2,0,51
BRDA:18,2,1,46
BRDA:29,3,0,3
BRDA:29,4,0,4
BRDA:29,4,1,3
BRDA:46,5,0,1
BRDA:46,6,0,53
BRDA:46,6,1,52
BRDA:52,7,0,3
BRDA:58,8,0,0
BRDA:64,9,0,0
BRDA:71,10,0,1
BRDA:71,10,1,1
BRDA:71,10,2,1
BRDA:71,10,3,0
BRDA:84,11,0,1
BRDA:84,11,1,1
BRDA:84,11,2,1
BRDA:84,11,3,1
BRDA:125,12,0,4
BRDA:125,12,1,2
BRDA:125,12,2,2
BRDA:161,13,0,2
BRDA:161,13,1,10
BRDA:162,14,0,12
BRDA:162,14,1,7
BRDA:163,15,0,12
BRDA:163,15,1,4
BRDA:173,16,0,3
BRDA:173,17,0,4
BRDA:173,17,1,1
BRDA:186,18,0,0
BRDA:186,19,0,12
BRDA:186,19,1,12
BRDA:189,20,0,1
BRDA:195,21,0,0
BRDA:199,22,0,0
BRDA:204,23,0,1
BRDA:204,24,0,12
BRDA:204,24,1,11
BRDA:207,25,0,0
BRDA:210,26,0,0
BRDA:210,27,0,11
BRDA:210,27,1,11
BRDA:213,28,0,1
BRDA:221,29,0,1
BRDA:241,30,0,1
BRDA:241,30,1,0
BRDA:276,31,0,30
BRDA:276,31,1,21
BRDA:280,32,0,3
BRDA:280,33,0,7
BRDA:280,33,1,5
BRDA:314,34,0,0
BRDA:314,34,1,2
BRDA:314,35,0,2
BRDA:314,35,1,0
BRDA:318,36,0,2
BRDA:318,36,1,1
BRF:63
BRH:52
end_of_record
TN:
SF:src\infrastructure\domain-events.module.ts
FN:36,(anonymous_4)
FN:48,(anonymous_5)
FNF:2
FNH:0
FNDA:0,(anonymous_4)
FNDA:0,(anonymous_5)
DA:1,0
DA:2,0
DA:3,0
DA:8,0
DA:35,0
DA:37,0
DA:38,0
DA:39,0
DA:40,0
DA:42,0
DA:50,0
DA:51,0
DA:52,0
DA:54,0
LF:14
LH:0
BRF:0
BRH:0
end_of_record
TN:
SF:src\infrastructure\infrastructure.module.ts
FNF:0
FNH:0
DA:1,0
DA:2,0
DA:3,0
DA:4,0
DA:5,0
DA:6,0
DA:36,0
LF:7
LH:0
BRF:0
BRH:0
end_of_record
TN:
SF:src\infrastructure\database\mappers\page.mapper.ts
FN:11,(anonymous_0)
FN:29,(anonymous_1)
FN:36,(anonymous_2)
FN:37,(anonymous_3)
FN:43,(anonymous_4)
FN:59,(anonymous_5)
FN:76,(anonymous_6)
FN:83,(anonymous_7)
FNF:8
FNH:0
FNDA:0,(anonymous_0)
FNDA:0,(anonymous_1)
FNDA:0,(anonymous_2)
FNDA:0,(anonymous_3)
FNDA:0,(anonymous_4)
FNDA:0,(anonymous_5)
FNDA:0,(anonymous_6)
FNDA:0,(anonymous_7)
DA:2,0
DA:7,0
DA:12,0
DA:30,0
DA:37,0
DA:44,0
DA:45,0
DA:60,0
DA:77,0
DA:83,0
LF:10
LH:0
BRDA:79,0,0,0
BRDA:79,0,1,0
BRF:2
BRH:0
end_of_record
TN:
SF:src\infrastructure\database\mappers\project.mapper.ts
FN:11,(anonymous_0)
FN:27,(anonymous_1)
FN:38,(anonymous_2)
FN:55,(anonymous_3)
FN:56,(anonymous_4)
FNF:5
FNH:0
FNDA:0,(anonymous_0)
FNDA:0,(anonymous_1)
FNDA:0,(anonymous_2)
FNDA:0,(anonymous_3)
FNDA:0,(anonymous_4)
DA:2,0
DA:7,0
DA:12,0
DA:28,0
DA:32,0
DA:39,0
DA:40,0
DA:56,0
LF:8
LH:0
BRF:0
BRH:0
end_of_record
TN:
SF:src\infrastructure\database\mappers\user.mapper.ts
FN:11,(anonymous_0)
FN:26,(anonymous_1)
FN:33,(anonymous_2)
FN:34,(anonymous_3)
FNF:4
FNH:0
FNDA:0,(anonymous_0)
FNDA:0,(anonymous_1)
FNDA:0,(anonymous_2)
FNDA:0,(anonymous_3)
DA:2,0
DA:7,0
DA:12,0
DA:27,0
DA:34,0
LF:5
LH:0
BRF:0
BRH:0
end_of_record
TN:
SF:src\infrastructure\database\repositories\prisma-page.repository.ts
FN:9,(anonymous_2)
FN:11,(anonymous_3)
FN:19,(anonymous_4)
FN:28,(anonymous_5)
FN:36,(anonymous_6)
FN:48,(anonymous_7)
FN:92,(anonymous_8)
FN:108,(anonymous_9)
FN:124,(anonymous_10)
FN:134,(anonymous_11)
FN:140,(anonymous_12)
FN:148,(anonymous_13)
FN:154,(anonymous_14)
FN:169,(anonymous_15)
FN:173,(anonymous_16)
FN:181,(anonymous_17)
FN:194,(anonymous_18)
FN:204,(anonymous_19)
FN:227,(anonymous_20)
FN:237,(anonymous_21)
FNF:20
FNH:0
FNDA:0,(anonymous_2)
FNDA:0,(anonymous_3)
FNDA:0,(anonymous_4)
FNDA:0,(anonymous_5)
FNDA:0,(anonymous_6)
FNDA:0,(anonymous_7)
FNDA:0,(anonymous_8)
FNDA:0,(anonymous_9)
FNDA:0,(anonymous_10)
FNDA:0,(anonymous_11)
FNDA:0,(anonymous_12)
FNDA:0,(anonymous_13)
FNDA:0,(anonymous_14)
FNDA:0,(anonymous_15)
FNDA:0,(anonymous_16)
FNDA:0,(anonymous_17)
FNDA:0,(anonymous_18)
FNDA:0,(anonymous_19)
FNDA:0,(anonymous_20)
FNDA:0,(anonymous_21)
DA:1,0
DA:3,0
DA:4,0
DA:5,0
DA:8,0
DA:9,0
DA:12,0
DA:16,0
DA:20,0
DA:25,0
DA:29,0
DA:33,0
DA:37,0
DA:45,0
DA:60,0
DA:62,0
DA:73,0
DA:83,0
DA:97,0
DA:105,0
DA:113,0
DA:121,0
DA:125,0
DA:127,0
DA:135,0
DA:141,0
DA:145,0
DA:149,0
DA:160,0
DA:168,0
DA:169,0
DA:170,0
DA:173,0
DA:174,0
DA:175,0
DA:178,0
DA:183,0
DA:191,0
DA:195,0
DA:201,0
DA:210,0
DA:211,0
DA:212,0
DA:216,0
DA:224,0
DA:227,0
DA:228,0
DA:232,0
DA:234,0
DA:238,0
LF:50
LH:0
BRDA:16,0,0,0
BRDA:16,0,1,0
BRDA:33,1,0,0
BRDA:33,1,1,0
BRDA:64,2,0,0
BRDA:64,2,1,0
BRDA:101,3,0,0
BRDA:101,3,1,0
BRDA:117,4,0,0
BRDA:117,4,1,0
BRDA:175,5,0,0
BRDA:175,5,1,0
BRDA:194,6,0,0
BRDA:211,7,0,0
BRDA:218,8,0,0
BRDA:218,8,1,0
BRDA:219,9,0,0
BRDA:219,9,1,0
BRF:18
BRH:0
end_of_record
TN:
SF:src\infrastructure\database\repositories\prisma-project.repository.ts
FN:10,(anonymous_2)
FN:12,(anonymous_3)
FN:20,(anonymous_4)
FN:29,(anonymous_5)
FN:72,(anonymous_6)
FN:81,(anonymous_7)
FN:90,(anonymous_8)
FN:106,(anonymous_9)
FN:131,(anonymous_10)
FN:143,(anonymous_11)
FN:151,(anonymous_12)
FN:167,(anonymous_13)
FN:181,(anonymous_14)
FNF:13
FNH:0
FNDA:0,(anonymous_2)
FNDA:0,(anonymous_3)
FNDA:0,(anonymous_4)
FNDA:0,(anonymous_5)
FNDA:0,(anonymous_6)
FNDA:0,(anonymous_7)
FNDA:0,(anonymous_8)
FNDA:0,(anonymous_9)
FNDA:0,(anonymous_10)
FNDA:0,(anonymous_11)
FNDA:0,(anonymous_12)
FNDA:0,(anonymous_13)
FNDA:0,(anonymous_14)
DA:1,0
DA:4,0
DA:5,0
DA:6,0
DA:9,0
DA:10,0
DA:13,0
DA:17,0
DA:21,0
DA:26,0
DA:41,0
DA:43,0
DA:53,0
DA:63,0
DA:73,0
DA:78,0
DA:82,0
DA:87,0
DA:95,0
DA:103,0
DA:107,0
DA:109,0
DA:133,0
DA:138,0
DA:144,0
DA:148,0
DA:157,0
DA:164,0
DA:169,0
DA:176,0
DA:182,0
DA:188,0
LF:32
LH:0
BRDA:17,0,0,0
BRDA:17,0,1,0
BRDA:45,1,0,0
BRDA:45,1,1,0
BRDA:99,2,0,0
BRDA:99,2,1,0
BRDA:181,3,0,0
BRF:7
BRH:0
end_of_record
TN:
SF:src\infrastructure\database\repositories\prisma-user.repository.ts
FN:9,(anonymous_2)
FN:11,(anonymous_3)
FN:19,(anonymous_4)
FN:27,(anonymous_5)
FN:35,(anonymous_6)
FN:45,(anonymous_7)
FN:56,(anonymous_8)
FN:67,(anonymous_9)
FN:83,(anonymous_10)
FN:89,(anonymous_11)
FN:97,(anonymous_12)
FN:138,(anonymous_13)
FN:166,(anonymous_14)
FN:180,(anonymous_15)
FN:188,(anonymous_16)
FN:194,(anonymous_17)
FNF:16
FNH:0
FNDA:0,(anonymous_2)
FNDA:0,(anonymous_3)
FNDA:0,(anonymous_4)
FNDA:0,(anonymous_5)
FNDA:0,(anonymous_6)
FNDA:0,(anonymous_7)
FNDA:0,(anonymous_8)
FNDA:0,(anonymous_9)
FNDA:0,(anonymous_10)
FNDA:0,(anonymous_11)
FNDA:0,(anonymous_12)
FNDA:0,(anonymous_13)
FNDA:0,(anonymous_14)
FNDA:0,(anonymous_15)
FNDA:0,(anonymous_16)
FNDA:0,(anonymous_17)
DA:1,0
DA:4,0
DA:5,0
DA:8,0
DA:9,0
DA:12,0
DA:16,0
DA:20,0
DA:24,0
DA:28,0
DA:32,0
DA:36,0
DA:42,0
DA:46,0
DA:53,0
DA:57,0
DA:64,0
DA:68,0
DA:70,0
DA:84,0
DA:90,0
DA:94,0
DA:108,0
DA:110,0
DA:119,0
DA:129,0
DA:144,0
DA:145,0
DA:146,0
DA:148,0
DA:158,0
DA:167,0
DA:177,0
DA:181,0
DA:191,0
DA:195,0
DA:200,0
LF:37
LH:0
BRDA:16,0,0,0
BRDA:16,0,1,0
BRDA:24,1,0,0
BRDA:24,1,1,0
BRDA:32,2,0,0
BRDA:32,2,1,0
BRDA:42,3,0,0
BRDA:42,3,1,0
BRDA:49,4,0,0
BRDA:49,4,1,0
BRDA:60,5,0,0
BRDA:60,5,1,0
BRDA:110,6,0,0
BRDA:110,6,1,0
BRDA:194,7,0,0
BRF:15
BRH:0
end_of_record
TN:
SF:src\infrastructure\events\domain-event-dispatcher.ts
FN:9,(anonymous_1)
FN:16,(anonymous_2)
FN:28,(anonymous_3)
FN:39,(anonymous_4)
FN:58,(anonymous_5)
FN:74,(anonymous_6)
FN:81,(anonymous_7)
FN:88,(anonymous_8)
FNF:8
FNH:0
FNDA:0,(anonymous_1)
FNDA:0,(anonymous_2)
FNDA:0,(anonymous_3)
FNDA:0,(anonymous_4)
FNDA:0,(anonymous_5)
FNDA:0,(anonymous_6)
FNDA:0,(anonymous_7)
FNDA:0,(anonymous_8)
DA:1,0
DA:9,0
DA:10,0
DA:11,0
DA:17,0
DA:18,0
DA:21,0
DA:22,0
DA:29,0
DA:31,0
DA:32,0
DA:33,0
DA:36,0
DA:39,0
DA:40,0
DA:41,0
DA:42,0
DA:43,0
DA:45,0
DA:47,0
DA:52,0
DA:59,0
DA:60,0
DA:63,0
DA:66,0
DA:67,0
DA:75,0
DA:82,0
DA:89,0
DA:90,0
LF:30
LH:0
BRDA:17,0,0,0
BRDA:29,1,0,0
BRDA:29,1,1,0
BRDA:31,2,0,0
BRDA:59,3,0,0
BRDA:82,4,0,0
BRDA:82,4,1,0
BRF:7
BRH:0
end_of_record
TN:
SF:src\infrastructure\events\event-handlers\project-event.handlers.ts
FN:13,(anonymous_1)
FN:16,(anonymous_2)
FN:39,(anonymous_3)
FN:42,(anonymous_4)
FN:64,(anonymous_5)
FN:67,(anonymous_6)
FNF:6
FNH:0
FNDA:0,(anonymous_1)
FNDA:0,(anonymous_2)
FNDA:0,(anonymous_3)
FNDA:0,(anonymous_4)
FNDA:0,(anonymous_5)
FNDA:0,(anonymous_6)
DA:1,0
DA:13,0
DA:14,0
DA:17,0
DA:26,0
DA:39,0
DA:40,0
DA:43,0
DA:52,0
DA:64,0
DA:65,0
DA:68,0
DA:76,0
LF:13
LH:0
BRF:0
BRH:0
end_of_record
TN:
SF:src\modules\auth\auth.controller.ts
FN:8,(anonymous_4)
FN:12,(anonymous_5)
FN:17,(anonymous_6)
FNF:3
FNH:0
FNDA:0,(anonymous_4)
FNDA:0,(anonymous_5)
FNDA:0,(anonymous_6)
DA:1,0
DA:2,0
DA:3,0
DA:4,0
DA:7,0
DA:8,0
DA:12,0
DA:13,0
DA:17,0
DA:18,0
LF:10
LH:0
BRF:0
BRH:0
end_of_record
TN:
SF:src\modules\auth\auth.module.ts
FNF:0
FNH:0
DA:1,0
DA:2,0
DA:3,0
DA:4,0
DA:5,0
DA:6,0
DA:7,0
DA:22,0
LF:8
LH:0
BRDA:14,0,0,0
BRDA:14,0,1,0
BRF:2
BRH:0
end_of_record
TN:
SF:src\modules\auth\auth.service.ts
FN:11,(anonymous_4)
FN:16,(anonymous_5)
FN:24,(anonymous_6)
FN:37,(anonymous_7)
FN:68,(anonymous_8)
FNF:5
FNH:0
FNDA:0,(anonymous_4)
FNDA:0,(anonymous_5)
FNDA:0,(anonymous_6)
FNDA:0,(anonymous_7)
FNDA:0,(anonymous_8)
DA:1,0
DA:2,0
DA:4,0
DA:7,0
DA:10,0
DA:12,0
DA:13,0
DA:17,0
DA:18,0
DA:19,0
DA:21,0
DA:25,0
DA:26,0
DA:27,0
DA:30,0
DA:31,0
DA:39,0
DA:40,0
DA:41,0
DA:45,0
DA:46,0
DA:47,0
DA:51,0
DA:59,0
DA:61,0
DA:62,0
DA:69,0
LF:27
LH:0
BRDA:18,0,0,0
BRDA:18,1,0,0
BRDA:18,1,1,0
BRDA:26,2,0,0
BRDA:40,3,0,0
BRDA:46,4,0,0
BRF:6
BRH:0
end_of_record
TN:
SF:src\modules\auth\dto\login.dto.ts
FNF:0
FNH:0
DA:1,0
DA:3,0
DA:5,0
DA:9,0
LF:4
LH:0
BRF:0
BRH:0
end_of_record
TN:
SF:src\modules\auth\dto\register.dto.ts
FNF:0
FNH:0
DA:1,0
DA:3,0
DA:5,0
DA:9,0
DA:13,0
DA:17,0
LF:6
LH:0
BRF:0
BRH:0
end_of_record
TN:
SF:src\modules\auth\guards\jwt-auth.guard.ts
FNF:0
FNH:0
DA:1,1
DA:2,1
DA:5,1
LF:3
LH:3
BRF:0
BRH:0
end_of_record
TN:
SF:src\modules\auth\strategies\jwt.strategy.ts
FN:8,(anonymous_2)
FN:16,(anonymous_3)
FNF:2
FNH:0
FNDA:0,(anonymous_2)
FNDA:0,(anonymous_3)
DA:1,0
DA:2,0
DA:3,0
DA:4,0
DA:7,0
DA:8,0
DA:9,0
DA:18,0
DA:19,0
DA:20,0
DA:23,0
LF:11
LH:0
BRDA:12,0,0,0
BRDA:12,0,1,0
BRDA:19,1,0,0
BRF:3
BRH:0
end_of_record
TN:
SF:src\modules\pages\pages.controller.ts
FN:33,(anonymous_4)
FN:39,(anonymous_5)
FN:63,(anonymous_6)
FN:84,(anonymous_7)
FN:97,(anonymous_8)
FN:119,(anonymous_9)
FN:127,(anonymous_10)
FN:154,(anonymous_11)
FN:181,(anonymous_12)
FN:206,(anonymous_13)
FN:247,(anonymous_15)
FN:272,(anonymous_16)
FN:298,(anonymous_17)
FN:322,(anonymous_18)
FNF:14
FNH:0
FNDA:0,(anonymous_4)
FNDA:0,(anonymous_5)
FNDA:0,(anonymous_6)
FNDA:0,(anonymous_7)
FNDA:0,(anonymous_8)
FNDA:0,(anonymous_9)
FNDA:0,(anonymous_10)
FNDA:0,(anonymous_11)
FNDA:0,(anonymous_12)
FNDA:0,(anonymous_13)
FNDA:0,(anonymous_15)
FNDA:0,(anonymous_16)
FNDA:0,(anonymous_17)
FNDA:0,(anonymous_18)
DA:1,0
DA:15,0
DA:16,0
DA:17,0
DA:18,0
DA:26,0
DA:32,0
DA:33,0
DA:39,0
DA:44,0
DA:50,0
DA:51,0
DA:54,0
DA:63,0
DA:68,0
DA:77,0
DA:78,0
DA:82,0
DA:84,0
DA:87,0
DA:97,0
DA:102,0
DA:107,0
DA:108,0
DA:111,0
DA:114,0
DA:119,0
DA:127,0
DA:132,0
DA:137,0
DA:138,0
DA:141,0
DA:144,0
DA:154,0
DA:160,0
DA:166,0
DA:167,0
DA:170,0
DA:173,0
DA:181,0
DA:186,0
DA:191,0
DA:192,0
DA:195,0
DA:198,0
DA:206,0
DA:211,0
DA:216,0
DA:217,0
DA:220,0
DA:223,0
DA:231,0
DA:238,0
DA:247,0
DA:253,0
DA:259,0
DA:260,0
DA:263,0
DA:272,0
DA:279,0
DA:286,0
DA:287,0
DA:290,0
DA:298,0
DA:304,0
DA:310,0
DA:311,0
DA:314,0
DA:322,0
DA:328,0
DA:334,0
DA:335,0
DA:338,0
LF:73
LH:0
BRDA:50,0,0,0
BRDA:71,1,0,0
BRDA:71,1,1,0
BRDA:72,2,0,0
BRDA:72,2,1,0
BRDA:77,3,0,0
BRDA:107,4,0,0
BRDA:108,5,0,0
BRDA:108,5,1,0
BRDA:137,6,0,0
BRDA:138,7,0,0
BRDA:138,7,1,0
BRDA:166,8,0,0
BRDA:167,9,0,0
BRDA:167,9,1,0
BRDA:191,10,0,0
BRDA:192,11,0,0
BRDA:192,11,1,0
BRDA:216,12,0,0
BRDA:217,13,0,0
BRDA:217,13,1,0
BRDA:259,14,0,0
BRDA:286,15,0,0
BRDA:310,16,0,0
BRDA:334,17,0,0
BRF:25
BRH:0
end_of_record
TN:
SF:src\modules\pages\pages.module.ts
FNF:0
FNH:0
DA:1,0
DA:2,0
DA:3,0
DA:9,0
LF:4
LH:0
BRF:0
BRH:0
end_of_record
TN:
SF:src\modules\pages\dto\page.dto.ts
FN:133,(anonymous_2)
FNF:1
FNH:0
FNDA:0,(anonymous_2)
DA:1,0
DA:10,0
DA:13,0
DA:22,0
DA:32,0
DA:42,0
DA:49,0
DA:52,0
DA:60,0
DA:69,0
DA:78,0
DA:85,0
DA:88,0
DA:96,0
DA:103,0
DA:111,0
DA:114,0
DA:120,0
DA:123,0
DA:130,0
DA:133,0
DA:140,0
DA:148,0
DA:155,0
DA:162,0
LF:25
LH:0
BRF:0
BRH:0
end_of_record
TN:
SF:src\modules\projects\projects.controller.ts
FN:26,(anonymous_4)
FN:32,(anonymous_5)
FN:51,(anonymous_6)
FN:73,(anonymous_7)
FN:91,(anonymous_8)
FN:111,(anonymous_9)
FN:142,(anonymous_10)
FN:169,(anonymous_11)
FN:191,(anonymous_12)
FNF:9
FNH:9
FNDA:17,(anonymous_4)
FNDA:2,(anonymous_5)
FNDA:3,(anonymous_6)
FNDA:1,(anonymous_7)
FNDA:2,(anonymous_8)
FNDA:3,(anonymous_9)
FNDA:2,(anonymous_10)
FNDA:2,(anonymous_11)
FNDA:2,(anonymous_12)
DA:1,1
DA:15,1
DA:16,1
DA:17,1
DA:18,1
DA:25,1
DA:26,17
DA:32,1
DA:33,2
DA:38,2
DA:39,1
DA:42,1
DA:51,1
DA:52,3
DA:60,3
DA:61,1
DA:64,2
DA:73,1
DA:74,1
DA:78,1
DA:79,0
DA:82,1
DA:91,1
DA:92,2
DA:97,2
DA:98,0
DA:101,2
DA:111,1
DA:112,3
DA:117,3
DA:118,2
DA:121,2
DA:124,1
DA:142,1
DA:147,2
DA:153,2
DA:154,1
DA:157,1
DA:160,1
DA:169,1
DA:170,2
DA:175,2
DA:176,1
DA:179,1
DA:182,1
DA:191,1
DA:192,2
DA:197,2
DA:198,1
DA:201,1
DA:204,1
LF:51
LH:49
BRDA:38,0,0,1
BRDA:54,1,0,3
BRDA:54,1,1,1
BRDA:55,2,0,3
BRDA:55,2,1,1
BRDA:60,3,0,1
BRDA:78,4,0,0
BRDA:94,5,0,2
BRDA:94,5,1,1
BRDA:97,6,0,0
BRDA:117,7,0,2
BRDA:118,8,0,1
BRDA:118,8,1,1
BRDA:153,9,0,1
BRDA:154,10,0,1
BRDA:154,10,1,0
BRDA:175,11,0,1
BRDA:176,12,0,0
BRDA:176,12,1,1
BRDA:197,13,0,1
BRDA:198,14,0,1
BRDA:198,14,1,0
BRF:22
BRH:17
end_of_record
TN:
SF:src\modules\projects\projects.module.ts
FNF:0
FNH:0
DA:1,0
DA:2,0
DA:3,0
DA:9,0
LF:4
LH:0
BRF:0
BRH:0
end_of_record
TN:
SF:src\modules\projects\dto\project.dto.ts
FN:59,(anonymous_2)
FNF:1
FNH:0
FNDA:0,(anonymous_2)
DA:1,1
DA:2,1
DA:4,1
DA:13,1
DA:23,1
DA:29,1
DA:32,1
DA:41,1
DA:50,1
DA:56,1
DA:59,1
DA:66,1
DA:74,1
DA:81,1
DA:89,1
LF:15
LH:15
BRF:0
BRH:0
end_of_record
TN:
SF:src\modules\users\users.controller.ts
FN:8,(anonymous_4)
FN:11,(anonymous_5)
FNF:2
FNH:0
FNDA:0,(anonymous_4)
FNDA:0,(anonymous_5)
DA:1,0
DA:2,0
DA:3,0
DA:7,0
DA:8,0
DA:11,0
DA:12,0
LF:7
LH:0
BRF:0
BRH:0
end_of_record
TN:
SF:src\modules\users\users.module.ts
FNF:0
FNH:0
DA:1,0
DA:2,0
DA:3,0
DA:4,0
DA:11,0
LF:5
LH:0
BRF:0
BRH:0
end_of_record
TN:
SF:src\modules\users\users.service.ts
FN:7,(anonymous_2)
FN:9,(anonymous_3)
FN:15,(anonymous_4)
FN:21,(anonymous_5)
FN:27,(anonymous_6)
FNF:5
FNH:0
FNDA:0,(anonymous_2)
FNDA:0,(anonymous_3)
FNDA:0,(anonymous_4)
FNDA:0,(anonymous_5)
FNDA:0,(anonymous_6)
DA:1,0
DA:2,0
DA:6,0
DA:7,0
DA:10,0
DA:16,0
DA:22,0
DA:28,0
LF:8
LH:0
BRF:0
BRH:0
end_of_record
TN:
SF:src\modules\users\dto\create-user.dto.ts
FNF:0
FNH:0
DA:1,0
DA:3,0
DA:5,0
DA:9,0
DA:13,0
DA:17,0
LF:6
LH:0
BRF:0
BRH:0
end_of_record
